<?xml version="1.0" encoding="UTF-8"?>
<coverage generated="1610647122369" clover="3.2.0">
  <project timestamp="1610647122369" name="All files">
    <metrics statements="241" coveredstatements="154" conditionals="112" coveredconditionals="75" methods="89" coveredmethods="51" elements="442" coveredelements="280" complexity="0" loc="241" ncloc="241" packages="14" files="25" classes="25"/>
    <package name="components.Header">
      <metrics statements="24" coveredstatements="19" conditionals="14" coveredconditionals="7" methods="9" coveredmethods="6"/>
      <file name="Header.js" path="C:\Users\Tim_New\Projects\React_Training\server-side-rendering\components\Header\Header.js">
        <metrics statements="13" coveredstatements="11" conditionals="10" coveredconditionals="6" methods="5" coveredmethods="3"/>
        <line num="13" count="4" type="stmt"/>
        <line num="14" count="4" type="stmt"/>
        <line num="15" count="6" type="stmt"/>
        <line num="17" count="4" type="stmt"/>
        <line num="18" count="2" type="cond" truecount="1" falsecount="1"/>
        <line num="19" count="2" type="stmt"/>
        <line num="22" count="2" type="cond" truecount="3" falsecount="1"/>
        <line num="23" count="2" type="stmt"/>
        <line num="27" count="4" type="stmt"/>
        <line num="28" count="0" type="stmt"/>
        <line num="31" count="4" type="stmt"/>
        <line num="32" count="0" type="stmt"/>
        <line num="35" count="4" type="stmt"/>
      </file>
      <file name="Search.js" path="C:\Users\Tim_New\Projects\React_Training\server-side-rendering\components\Header\Search.js">
        <metrics statements="11" coveredstatements="8" conditionals="4" coveredconditionals="1" methods="4" coveredmethods="3"/>
        <line num="5" count="6" type="stmt"/>
        <line num="6" count="6" type="stmt"/>
        <line num="8" count="6" type="stmt"/>
        <line num="9" count="4" type="cond" truecount="1" falsecount="1"/>
        <line num="10" count="0" type="stmt"/>
        <line num="14" count="6" type="stmt"/>
        <line num="15" count="4" type="stmt"/>
        <line num="18" count="6" type="stmt"/>
        <line num="19" count="0" type="cond" truecount="0" falsecount="2"/>
        <line num="20" count="0" type="stmt"/>
        <line num="24" count="6" type="stmt"/>
      </file>
    </package>
    <package name="components.Modals">
      <metrics statements="45" coveredstatements="34" conditionals="44" coveredconditionals="36" methods="10" coveredmethods="5"/>
      <file name="Dropdown.js" path="C:\Users\Tim_New\Projects\React_Training\server-side-rendering\components\Modals\Dropdown.js">
        <metrics statements="5" coveredstatements="4" conditionals="4" coveredconditionals="2" methods="3" coveredmethods="2"/>
        <line num="5" count="59" type="stmt"/>
        <line num="7" count="59" type="stmt"/>
        <line num="8" count="0" type="stmt"/>
        <line num="11" count="59" type="stmt"/>
        <line num="23" count="649" type="stmt"/>
      </file>
      <file name="RootModal.js" path="C:\Users\Tim_New\Projects\React_Training\server-side-rendering\components\Modals\RootModal.js">
        <metrics statements="40" coveredstatements="30" conditionals="40" coveredconditionals="34" methods="7" coveredmethods="3"/>
        <line num="14" count="62" type="stmt"/>
        <line num="16" count="61" type="stmt"/>
        <line num="17" count="61" type="stmt"/>
        <line num="19" count="61" type="stmt"/>
        <line num="33" count="61" type="stmt"/>
        <line num="49" count="61" type="stmt"/>
        <line num="50" count="2" type="stmt"/>
        <line num="51" count="2" type="cond" truecount="1" falsecount="1"/>
        <line num="52" count="2" type="stmt"/>
        <line num="54" count="2" type="cond" truecount="2" falsecount="0"/>
        <line num="55" count="1" type="stmt"/>
        <line num="57" count="2" type="cond" truecount="1" falsecount="1"/>
        <line num="58" count="2" type="stmt"/>
        <line num="60" count="2" type="cond" truecount="1" falsecount="1"/>
        <line num="61" count="2" type="stmt"/>
        <line num="63" count="2" type="cond" truecount="1" falsecount="1"/>
        <line num="64" count="2" type="stmt"/>
        <line num="66" count="2" type="stmt"/>
        <line num="67" count="2" type="stmt"/>
        <line num="70" count="61" type="stmt"/>
        <line num="77" count="0" type="stmt"/>
        <line num="78" count="0" type="stmt"/>
        <line num="79" count="0" type="stmt"/>
        <line num="83" count="61" type="stmt"/>
        <line num="91" count="0" type="stmt"/>
        <line num="92" count="0" type="stmt"/>
        <line num="96" count="61" type="stmt"/>
        <line num="97" count="0" type="stmt"/>
        <line num="98" count="0" type="stmt"/>
        <line num="102" count="0" type="stmt"/>
        <line num="105" count="61" type="stmt"/>
        <line num="106" count="0" type="stmt"/>
        <line num="109" count="61" type="stmt"/>
        <line num="110" count="61" type="stmt"/>
        <line num="111" count="61" type="cond" truecount="3" falsecount="1"/>
        <line num="113" count="26" type="stmt"/>
        <line num="121" count="33" type="stmt"/>
        <line num="129" count="2" type="stmt"/>
        <line num="131" count="0" type="stmt"/>
        <line num="135" count="61" type="cond" truecount="1" falsecount="1"/>
      </file>
    </package>
    <package name="components.Modals.AddMovie">
      <metrics statements="8" coveredstatements="2" conditionals="14" coveredconditionals="11" methods="3" coveredmethods="1"/>
      <file name="AddMovie.js" path="C:\Users\Tim_New\Projects\React_Training\server-side-rendering\components\Modals\AddMovie\AddMovie.js">
        <metrics statements="8" coveredstatements="2" conditionals="14" coveredconditionals="11" methods="3" coveredmethods="1"/>
        <line num="6" count="26" type="stmt"/>
        <line num="8" count="0" type="stmt"/>
        <line num="9" count="0" type="stmt"/>
        <line num="12" count="0" type="cond" truecount="0" falsecount="2"/>
        <line num="13" count="0" type="stmt"/>
        <line num="15" count="0" type="stmt"/>
        <line num="18" count="0" type="stmt"/>
        <line num="21" count="26" type="stmt"/>
      </file>
    </package>
    <package name="components.Modals.DeleteMovie">
      <metrics statements="1" coveredstatements="1" conditionals="0" coveredconditionals="0" methods="1" coveredmethods="1"/>
      <file name="DeleteMovie.js" path="C:\Users\Tim_New\Projects\React_Training\server-side-rendering\components\Modals\DeleteMovie\DeleteMovie.js">
        <metrics statements="1" coveredstatements="1" conditionals="0" coveredconditionals="0" methods="1" coveredmethods="1"/>
        <line num="4" count="2" type="stmt"/>
      </file>
    </package>
    <package name="components.Modals.EditMovie">
      <metrics statements="8" coveredstatements="2" conditionals="14" coveredconditionals="10" methods="3" coveredmethods="1"/>
      <file name="EditMovie.js" path="C:\Users\Tim_New\Projects\React_Training\server-side-rendering\components\Modals\EditMovie\EditMovie.js">
        <metrics statements="8" coveredstatements="2" conditionals="14" coveredconditionals="10" methods="3" coveredmethods="1"/>
        <line num="6" count="33" type="stmt"/>
        <line num="8" count="0" type="stmt"/>
        <line num="9" count="0" type="stmt"/>
        <line num="12" count="0" type="cond" truecount="0" falsecount="2"/>
        <line num="13" count="0" type="stmt"/>
        <line num="15" count="0" type="stmt"/>
        <line num="18" count="0" type="stmt"/>
        <line num="21" count="33" type="stmt"/>
      </file>
    </package>
    <package name="components.MovieCard">
      <metrics statements="19" coveredstatements="11" conditionals="8" coveredconditionals="6" methods="5" coveredmethods="2"/>
      <file name="MovieCard.js" path="C:\Users\Tim_New\Projects\React_Training\server-side-rendering\components\MovieCard\MovieCard.js">
        <metrics statements="19" coveredstatements="11" conditionals="8" coveredconditionals="6" methods="5" coveredmethods="2"/>
        <line num="8" count="3" type="stmt"/>
        <line num="9" count="3" type="stmt"/>
        <line num="11" count="3" type="stmt"/>
        <line num="12" count="0" type="stmt"/>
        <line num="13" count="0" type="stmt"/>
        <line num="20" count="0" type="stmt"/>
        <line num="23" count="3" type="stmt"/>
        <line num="24" count="0" type="stmt"/>
        <line num="25" count="0" type="stmt"/>
        <line num="26" count="0" type="stmt"/>
        <line num="30" count="0" type="stmt"/>
        <line num="33" count="3" type="stmt"/>
        <line num="34" count="1" type="stmt"/>
        <line num="35" count="1" type="stmt"/>
        <line num="38" count="3" type="stmt"/>
        <line num="39" count="0" type="stmt"/>
        <line num="43" count="3" type="stmt"/>
        <line num="118" count="2" type="stmt"/>
        <line num="135" count="2" type="stmt"/>
      </file>
    </package>
    <package name="components.MovieDetails">
      <metrics statements="3" coveredstatements="2" conditionals="2" coveredconditionals="1" methods="2" coveredmethods="1"/>
      <file name="MovieDetails.js" path="C:\Users\Tim_New\Projects\React_Training\server-side-rendering\components\MovieDetails\MovieDetails.js">
        <metrics statements="3" coveredstatements="2" conditionals="2" coveredconditionals="1" methods="2" coveredmethods="1"/>
        <line num="4" count="1" type="stmt"/>
        <line num="5" count="0" type="stmt"/>
        <line num="9" count="1" type="stmt"/>
      </file>
    </package>
    <package name="components.MovieList">
      <metrics statements="3" coveredstatements="2" conditionals="0" coveredconditionals="0" methods="3" coveredmethods="2"/>
      <file name="MovieList.js" path="C:\Users\Tim_New\Projects\React_Training\server-side-rendering\components\MovieList\MovieList.js">
        <metrics statements="3" coveredstatements="2" conditionals="0" coveredconditionals="0" methods="3" coveredmethods="2"/>
        <line num="8" count="2" type="stmt"/>
        <line num="10" count="1" type="stmt"/>
        <line num="18" count="0" type="stmt"/>
      </file>
    </package>
    <package name="components.Nav">
      <metrics statements="18" coveredstatements="10" conditionals="4" coveredconditionals="1" methods="8" coveredmethods="3"/>
      <file name="Nav.js" path="C:\Users\Tim_New\Projects\React_Training\server-side-rendering\components\Nav\Nav.js">
        <metrics statements="18" coveredstatements="10" conditionals="4" coveredconditionals="1" methods="8" coveredmethods="3"/>
        <line num="9" count="2" type="stmt"/>
        <line num="10" count="3" type="stmt"/>
        <line num="11" count="2" type="stmt"/>
        <line num="13" count="2" type="stmt"/>
        <line num="14" count="1" type="cond" truecount="1" falsecount="1"/>
        <line num="15" count="1" type="stmt"/>
        <line num="16" count="0" type="stmt"/>
        <line num="18" count="0" type="stmt"/>
        <line num="19" count="1" type="stmt"/>
        <line num="23" count="2" type="stmt"/>
        <line num="24" count="0" type="stmt"/>
        <line num="27" count="2" type="stmt"/>
        <line num="28" count="0" type="stmt"/>
        <line num="29" count="0" type="cond" truecount="0" falsecount="2"/>
        <line num="30" count="0" type="stmt"/>
        <line num="32" count="0" type="stmt"/>
        <line num="36" count="2" type="stmt"/>
        <line num="45" count="0" type="stmt"/>
      </file>
    </package>
    <package name="components.UI.Button">
      <metrics statements="2" coveredstatements="2" conditionals="0" coveredconditionals="0" methods="1" coveredmethods="1"/>
      <file name="Button.js" path="C:\Users\Tim_New\Projects\React_Training\server-side-rendering\components\UI\Button\Button.js">
        <metrics statements="2" coveredstatements="2" conditionals="0" coveredconditionals="0" methods="1" coveredmethods="1"/>
        <line num="3" count="1" type="stmt"/>
        <line num="4" count="2" type="stmt"/>
      </file>
      <file name="index.js" path="C:\Users\Tim_New\Projects\React_Training\server-side-rendering\components\UI\Button\index.js">
        <metrics statements="0" coveredstatements="0" conditionals="0" coveredconditionals="0" methods="0" coveredmethods="0"/>
      </file>
    </package>
    <package name="components.UI.Logo">
      <metrics statements="2" coveredstatements="2" conditionals="0" coveredconditionals="0" methods="1" coveredmethods="1"/>
      <file name="Logo.js" path="C:\Users\Tim_New\Projects\React_Training\server-side-rendering\components\UI\Logo\Logo.js">
        <metrics statements="2" coveredstatements="2" conditionals="0" coveredconditionals="0" methods="1" coveredmethods="1"/>
        <line num="3" count="1" type="stmt"/>
        <line num="4" count="2" type="stmt"/>
      </file>
      <file name="index.js" path="C:\Users\Tim_New\Projects\React_Training\server-side-rendering\components\UI\Logo\index.js">
        <metrics statements="0" coveredstatements="0" conditionals="0" coveredconditionals="0" methods="0" coveredmethods="0"/>
      </file>
    </package>
    <package name="context">
      <metrics statements="12" coveredstatements="4" conditionals="1" coveredconditionals="0" methods="3" coveredmethods="0"/>
      <file name="ModalContext.js" path="C:\Users\Tim_New\Projects\React_Training\server-side-rendering\context\ModalContext.js">
        <metrics statements="12" coveredstatements="4" conditionals="1" coveredconditionals="0" methods="3" coveredmethods="0"/>
        <line num="3" count="6" type="stmt"/>
        <line num="4" count="0" type="stmt"/>
        <line num="5" count="0" type="stmt"/>
        <line num="7" count="0" type="cond" truecount="0" falsecount="1"/>
        <line num="8" count="0" type="stmt"/>
        <line num="9" count="0" type="stmt"/>
        <line num="12" count="0" type="stmt"/>
        <line num="15" count="6" type="stmt"/>
        <line num="16" count="6" type="stmt"/>
        <line num="18" count="6" type="stmt"/>
        <line num="19" count="0" type="stmt"/>
        <line num="24" count="0" type="stmt"/>
      </file>
    </package>
    <package name="redux.sagas">
      <metrics statements="65" coveredstatements="43" conditionals="0" coveredconditionals="0" methods="27" coveredmethods="16"/>
      <file name="addMovie.js" path="C:\Users\Tim_New\Projects\React_Training\server-side-rendering\redux\sagas\addMovie.js">
        <metrics statements="10" coveredstatements="6" conditionals="0" coveredconditionals="0" methods="4" coveredmethods="2"/>
        <line num="7" count="1" type="stmt"/>
        <line num="8" count="1" type="stmt"/>
        <line num="9" count="1" type="stmt"/>
        <line num="11" count="0" type="stmt"/>
        <line num="22" count="0" type="stmt"/>
        <line num="27" count="1" type="stmt"/>
        <line num="28" count="1" type="stmt"/>
        <line num="29" count="0" type="stmt"/>
        <line num="31" count="1" type="stmt"/>
        <line num="36" count="0" type="stmt"/>
      </file>
      <file name="deleteMovie.js" path="C:\Users\Tim_New\Projects\React_Training\server-side-rendering\redux\sagas\deleteMovie.js">
        <metrics statements="8" coveredstatements="6" conditionals="0" coveredconditionals="0" methods="3" coveredmethods="2"/>
        <line num="7" count="1" type="stmt"/>
        <line num="8" count="1" type="stmt"/>
        <line num="9" count="1" type="stmt"/>
        <line num="19" count="1" type="stmt"/>
        <line num="20" count="1" type="stmt"/>
        <line num="21" count="0" type="stmt"/>
        <line num="23" count="1" type="stmt"/>
        <line num="28" count="0" type="stmt"/>
      </file>
      <file name="editMovie.js" path="C:\Users\Tim_New\Projects\React_Training\server-side-rendering\redux\sagas\editMovie.js">
        <metrics statements="11" coveredstatements="4" conditionals="0" coveredconditionals="0" methods="4" coveredmethods="1"/>
        <line num="7" count="1" type="stmt"/>
        <line num="8" count="0" type="stmt"/>
        <line num="9" count="0" type="stmt"/>
        <line num="11" count="0" type="stmt"/>
        <line num="21" count="0" type="stmt"/>
        <line num="26" count="1" type="stmt"/>
        <line num="27" count="1" type="stmt"/>
        <line num="28" count="0" type="stmt"/>
        <line num="29" count="0" type="stmt"/>
        <line num="31" count="1" type="stmt"/>
        <line num="36" count="0" type="stmt"/>
      </file>
      <file name="fetchMovies.js" path="C:\Users\Tim_New\Projects\React_Training\server-side-rendering\redux\sagas\fetchMovies.js">
        <metrics statements="8" coveredstatements="6" conditionals="0" coveredconditionals="0" methods="4" coveredmethods="3"/>
        <line num="7" count="1" type="stmt"/>
        <line num="8" count="1" type="stmt"/>
        <line num="16" count="1" type="stmt"/>
        <line num="21" count="1" type="stmt"/>
        <line num="22" count="1" type="stmt"/>
        <line num="23" count="1" type="stmt"/>
        <line num="25" count="0" type="stmt"/>
        <line num="30" count="0" type="stmt"/>
      </file>
      <file name="filterMovies.js" path="C:\Users\Tim_New\Projects\React_Training\server-side-rendering\redux\sagas\filterMovies.js">
        <metrics statements="9" coveredstatements="7" conditionals="0" coveredconditionals="0" methods="4" coveredmethods="3"/>
        <line num="7" count="1" type="stmt"/>
        <line num="8" count="1" type="stmt"/>
        <line num="9" count="1" type="stmt"/>
        <line num="19" count="1" type="stmt"/>
        <line num="24" count="1" type="stmt"/>
        <line num="25" count="1" type="stmt"/>
        <line num="26" count="1" type="stmt"/>
        <line num="28" count="0" type="stmt"/>
        <line num="33" count="0" type="stmt"/>
      </file>
      <file name="getMovie.js" path="C:\Users\Tim_New\Projects\React_Training\server-side-rendering\redux\sagas\getMovie.js">
        <metrics statements="9" coveredstatements="6" conditionals="0" coveredconditionals="0" methods="4" coveredmethods="2"/>
        <line num="7" count="1" type="stmt"/>
        <line num="8" count="1" type="stmt"/>
        <line num="9" count="1" type="stmt"/>
        <line num="17" count="0" type="stmt"/>
        <line num="22" count="1" type="stmt"/>
        <line num="23" count="1" type="stmt"/>
        <line num="24" count="0" type="stmt"/>
        <line num="26" count="1" type="stmt"/>
        <line num="31" count="0" type="stmt"/>
      </file>
      <file name="sagaActions.js" path="C:\Users\Tim_New\Projects\React_Training\server-side-rendering\redux\sagas\sagaActions.js">
        <metrics statements="1" coveredstatements="1" conditionals="0" coveredconditionals="0" methods="0" coveredmethods="0"/>
        <line num="1" count="3" type="stmt"/>
      </file>
      <file name="searchMovies.js" path="C:\Users\Tim_New\Projects\React_Training\server-side-rendering\redux\sagas\searchMovies.js">
        <metrics statements="9" coveredstatements="7" conditionals="0" coveredconditionals="0" methods="4" coveredmethods="3"/>
        <line num="7" count="1" type="stmt"/>
        <line num="8" count="1" type="stmt"/>
        <line num="9" count="1" type="stmt"/>
        <line num="20" count="1" type="stmt"/>
        <line num="25" count="1" type="stmt"/>
        <line num="26" count="1" type="stmt"/>
        <line num="27" count="1" type="stmt"/>
        <line num="29" count="0" type="stmt"/>
        <line num="34" count="0" type="stmt"/>
      </file>
    </package>
    <package name="redux.slices">
      <metrics statements="31" coveredstatements="20" conditionals="11" coveredconditionals="3" methods="13" coveredmethods="11"/>
      <file name="movies.js" path="C:\Users\Tim_New\Projects\React_Training\server-side-rendering\redux\slices\movies.js">
        <metrics statements="31" coveredstatements="20" conditionals="11" coveredconditionals="3" methods="13" coveredmethods="11"/>
        <line num="4" count="3" type="stmt"/>
        <line num="9" count="3" type="stmt"/>
        <line num="14" count="1" type="stmt"/>
        <line num="17" count="1" type="stmt"/>
        <line num="19" count="1" type="cond" truecount="1" falsecount="1"/>
        <line num="20" count="0" type="stmt"/>
        <line num="23" count="1" type="stmt"/>
        <line num="24" count="1" type="cond" truecount="1" falsecount="1"/>
        <line num="25" count="1" type="stmt"/>
        <line num="27" count="0" type="stmt"/>
        <line num="31" count="1" type="stmt"/>
        <line num="32" count="1" type="stmt"/>
        <line num="33" count="1" type="stmt"/>
        <line num="37" count="0" type="stmt"/>
        <line num="40" count="1" type="stmt"/>
        <line num="43" count="1" type="stmt"/>
        <line num="44" count="1" type="stmt"/>
        <line num="45" count="1" type="stmt"/>
        <line num="46" count="1" type="cond" truecount="1" falsecount="1"/>
        <line num="50" count="1" type="stmt"/>
        <line num="53" count="2" type="stmt"/>
        <line num="57" count="3" type="stmt"/>
        <line num="58" count="0" type="stmt"/>
        <line num="61" count="0" type="stmt"/>
        <line num="65" count="0" type="stmt"/>
        <line num="66" count="0" type="stmt"/>
        <line num="67" count="0" type="stmt"/>
        <line num="70" count="0" type="cond" truecount="0" falsecount="5"/>
        <line num="71" count="0" type="stmt"/>
        <line num="74" count="0" type="stmt"/>
        <line num="88" count="3" type="stmt"/>
      </file>
    </package>
  </project>
</coverage>
