{"C:\\Users\\Tim_New\\Projects\\React_Training\\server-side-rendering\\components\\Header\\Header.js": {"path":"C:\\Users\\Tim_New\\Projects\\React_Training\\server-side-rendering\\components\\Header\\Header.js","statementMap":{"0":{"start":{"line":13,"column":28},"end":{"line":13,"column":65}},"1":{"start":{"line":14,"column":32},"end":{"line":14,"column":53}},"2":{"start":{"line":15,"column":18},"end":{"line":15,"column":61}},"3":{"start":{"line":15,"column":41},"end":{"line":15,"column":60}},"4":{"start":{"line":17,"column":4},"end":{"line":25,"column":16}},"5":{"start":{"line":18,"column":8},"end":{"line":20,"column":9}},"6":{"start":{"line":19,"column":12},"end":{"line":19,"column":28}},"7":{"start":{"line":22,"column":8},"end":{"line":24,"column":9}},"8":{"start":{"line":23,"column":12},"end":{"line":23,"column":29}},"9":{"start":{"line":27,"column":32},"end":{"line":29,"column":5}},"10":{"start":{"line":28,"column":8},"end":{"line":28,"column":77}},"11":{"start":{"line":31,"column":26},"end":{"line":33,"column":5}},"12":{"start":{"line":32,"column":8},"end":{"line":32,"column":25}},"13":{"start":{"line":35,"column":4},"end":{"line":54,"column":6}}},"fnMap":{"0":{"name":"Header","decl":{"start":{"line":12,"column":24},"end":{"line":12,"column":30}},"loc":{"start":{"line":12,"column":33},"end":{"line":55,"column":1}},"line":12},"1":{"name":"(anonymous_1)","decl":{"start":{"line":15,"column":30},"end":{"line":15,"column":31}},"loc":{"start":{"line":15,"column":41},"end":{"line":15,"column":60}},"line":15},"2":{"name":"(anonymous_2)","decl":{"start":{"line":17,"column":20},"end":{"line":17,"column":21}},"loc":{"start":{"line":17,"column":26},"end":{"line":25,"column":5}},"line":17},"3":{"name":"(anonymous_3)","decl":{"start":{"line":27,"column":32},"end":{"line":27,"column":33}},"loc":{"start":{"line":27,"column":38},"end":{"line":29,"column":5}},"line":27},"4":{"name":"(anonymous_4)","decl":{"start":{"line":31,"column":26},"end":{"line":31,"column":27}},"loc":{"start":{"line":31,"column":32},"end":{"line":33,"column":5}},"line":31}},"branchMap":{"0":{"loc":{"start":{"line":18,"column":8},"end":{"line":20,"column":9}},"type":"if","locations":[{"start":{"line":18,"column":8},"end":{"line":20,"column":9}},{"start":{"line":18,"column":8},"end":{"line":20,"column":9}}],"line":18},"1":{"loc":{"start":{"line":22,"column":8},"end":{"line":24,"column":9}},"type":"if","locations":[{"start":{"line":22,"column":8},"end":{"line":24,"column":9}},{"start":{"line":22,"column":8},"end":{"line":24,"column":9}}],"line":22},"2":{"loc":{"start":{"line":22,"column":12},"end":{"line":22,"column":66}},"type":"binary-expr","locations":[{"start":{"line":22,"column":12},"end":{"line":22,"column":31}},{"start":{"line":22,"column":35},"end":{"line":22,"column":66}}],"line":22},"3":{"loc":{"start":{"line":40,"column":21},"end":{"line":49,"column":21}},"type":"cond-expr","locations":[{"start":{"line":41,"column":24},"end":{"line":44,"column":34}},{"start":{"line":46,"column":24},"end":{"line":48,"column":33}}],"line":40},"4":{"loc":{"start":{"line":51,"column":17},"end":{"line":51,"column":69}},"type":"cond-expr","locations":[{"start":{"line":51,"column":26},"end":{"line":51,"column":56}},{"start":{"line":51,"column":59},"end":{"line":51,"column":69}}],"line":51}},"s":{"0":4,"1":4,"2":4,"3":6,"4":4,"5":2,"6":2,"7":2,"8":2,"9":4,"10":0,"11":4,"12":0,"13":4},"f":{"0":4,"1":6,"2":2,"3":0,"4":0},"b":{"0":[2,0],"1":[2,0],"2":[2,2],"3":[0,4],"4":[0,4]},"_coverageSchema":"1a1c01bbd47fc00a2c39e90264f33305004495a9","hash":"e5700b68300eb5f6568e456726c6c1b24ec0ec65"}
,"C:\\Users\\Tim_New\\Projects\\React_Training\\server-side-rendering\\components\\Header\\Search.js": {"path":"C:\\Users\\Tim_New\\Projects\\React_Training\\server-side-rendering\\components\\Header\\Search.js","statementMap":{"0":{"start":{"line":5,"column":19},"end":{"line":5,"column":30}},"1":{"start":{"line":6,"column":28},"end":{"line":6,"column":46}},"2":{"start":{"line":8,"column":26},"end":{"line":12,"column":5}},"3":{"start":{"line":9,"column":8},"end":{"line":11,"column":9}},"4":{"start":{"line":10,"column":12},"end":{"line":10,"column":27}},"5":{"start":{"line":14,"column":25},"end":{"line":16,"column":5}},"6":{"start":{"line":15,"column":8},"end":{"line":15,"column":32}},"7":{"start":{"line":18,"column":25},"end":{"line":22,"column":5}},"8":{"start":{"line":19,"column":8},"end":{"line":21,"column":9}},"9":{"start":{"line":20,"column":12},"end":{"line":20,"column":42}},"10":{"start":{"line":24,"column":4},"end":{"line":43,"column":6}}},"fnMap":{"0":{"name":"Search","decl":{"start":{"line":4,"column":24},"end":{"line":4,"column":30}},"loc":{"start":{"line":4,"column":33},"end":{"line":44,"column":1}},"line":4},"1":{"name":"(anonymous_1)","decl":{"start":{"line":8,"column":26},"end":{"line":8,"column":27}},"loc":{"start":{"line":8,"column":33},"end":{"line":12,"column":5}},"line":8},"2":{"name":"(anonymous_2)","decl":{"start":{"line":14,"column":25},"end":{"line":14,"column":26}},"loc":{"start":{"line":14,"column":32},"end":{"line":16,"column":5}},"line":14},"3":{"name":"(anonymous_3)","decl":{"start":{"line":18,"column":25},"end":{"line":18,"column":26}},"loc":{"start":{"line":18,"column":32},"end":{"line":22,"column":5}},"line":18}},"branchMap":{"0":{"loc":{"start":{"line":9,"column":8},"end":{"line":11,"column":9}},"type":"if","locations":[{"start":{"line":9,"column":8},"end":{"line":11,"column":9}},{"start":{"line":9,"column":8},"end":{"line":11,"column":9}}],"line":9},"1":{"loc":{"start":{"line":19,"column":8},"end":{"line":21,"column":9}},"type":"if","locations":[{"start":{"line":19,"column":8},"end":{"line":21,"column":9}},{"start":{"line":19,"column":8},"end":{"line":21,"column":9}}],"line":19}},"s":{"0":6,"1":6,"2":6,"3":4,"4":0,"5":6,"6":4,"7":6,"8":0,"9":0,"10":6},"f":{"0":6,"1":4,"2":4,"3":0},"b":{"0":[0,4],"1":[0,0]},"_coverageSchema":"1a1c01bbd47fc00a2c39e90264f33305004495a9","hash":"797139cfe82ab408627ac790a85f58ba98d4b2bc"}
,"C:\\Users\\Tim_New\\Projects\\React_Training\\server-side-rendering\\components\\Modals\\Dropdown.js": {"path":"C:\\Users\\Tim_New\\Projects\\React_Training\\server-side-rendering\\components\\Modals\\Dropdown.js","statementMap":{"0":{"start":{"line":5,"column":34},"end":{"line":5,"column":55}},"1":{"start":{"line":7,"column":24},"end":{"line":9,"column":5}},"2":{"start":{"line":8,"column":8},"end":{"line":8,"column":29}},"3":{"start":{"line":11,"column":4},"end":{"line":37,"column":6}},"4":{"start":{"line":23,"column":20},"end":{"line":33,"column":28}}},"fnMap":{"0":{"name":"Dropdown","decl":{"start":{"line":4,"column":24},"end":{"line":4,"column":32}},"loc":{"start":{"line":4,"column":68},"end":{"line":38,"column":1}},"line":4},"1":{"name":"(anonymous_1)","decl":{"start":{"line":7,"column":24},"end":{"line":7,"column":25}},"loc":{"start":{"line":7,"column":30},"end":{"line":9,"column":5}},"line":7},"2":{"name":"(anonymous_2)","decl":{"start":{"line":22,"column":29},"end":{"line":22,"column":30}},"loc":{"start":{"line":23,"column":20},"end":{"line":33,"column":28}},"line":23}},"branchMap":{"0":{"loc":{"start":{"line":20,"column":23},"end":{"line":20,"column":77}},"type":"cond-expr","locations":[{"start":{"line":20,"column":33},"end":{"line":20,"column":55}},{"start":{"line":20,"column":58},"end":{"line":20,"column":77}}],"line":20},"1":{"loc":{"start":{"line":30,"column":37},"end":{"line":30,"column":74}},"type":"cond-expr","locations":[{"start":{"line":30,"column":62},"end":{"line":30,"column":66}},{"start":{"line":30,"column":69},"end":{"line":30,"column":74}}],"line":30}},"s":{"0":59,"1":59,"2":0,"3":59,"4":649},"f":{"0":59,"1":0,"2":649},"b":{"0":[0,59],"1":[0,649]},"_coverageSchema":"1a1c01bbd47fc00a2c39e90264f33305004495a9","hash":"49d3ea384b6acf8747af8741315800c7b3d1fa44"}
,"C:\\Users\\Tim_New\\Projects\\React_Training\\server-side-rendering\\components\\Modals\\RootModal.js": {"path":"C:\\Users\\Tim_New\\Projects\\React_Training\\server-side-rendering\\components\\Modals\\RootModal.js","statementMap":{"0":{"start":{"line":14,"column":21},"end":{"line":14,"column":34}},"1":{"start":{"line":16,"column":35},"end":{"line":16,"column":70}},"2":{"start":{"line":17,"column":28},"end":{"line":17,"column":65}},"3":{"start":{"line":19,"column":19},"end":{"line":31,"column":5}},"4":{"start":{"line":33,"column":26},"end":{"line":47,"column":5}},"5":{"start":{"line":49,"column":21},"end":{"line":68,"column":5}},"6":{"start":{"line":50,"column":23},"end":{"line":50,"column":25}},"7":{"start":{"line":51,"column":8},"end":{"line":53,"column":9}},"8":{"start":{"line":52,"column":12},"end":{"line":52,"column":44}},"9":{"start":{"line":54,"column":8},"end":{"line":56,"column":9}},"10":{"start":{"line":55,"column":12},"end":{"line":55,"column":63}},"11":{"start":{"line":57,"column":8},"end":{"line":59,"column":9}},"12":{"start":{"line":58,"column":12},"end":{"line":58,"column":58}},"13":{"start":{"line":60,"column":8},"end":{"line":62,"column":9}},"14":{"start":{"line":61,"column":12},"end":{"line":61,"column":50}},"15":{"start":{"line":63,"column":8},"end":{"line":65,"column":9}},"16":{"start":{"line":64,"column":12},"end":{"line":64,"column":48}},"17":{"start":{"line":66,"column":8},"end":{"line":66,"column":27}},"18":{"start":{"line":67,"column":8},"end":{"line":67,"column":22}},"19":{"start":{"line":70,"column":20},"end":{"line":81,"column":6}},"20":{"start":{"line":77,"column":12},"end":{"line":77,"column":29}},"21":{"start":{"line":78,"column":12},"end":{"line":78,"column":71}},"22":{"start":{"line":79,"column":12},"end":{"line":79,"column":25}},"23":{"start":{"line":83,"column":21},"end":{"line":94,"column":6}},"24":{"start":{"line":91,"column":12},"end":{"line":91,"column":72}},"25":{"start":{"line":92,"column":12},"end":{"line":92,"column":25}},"26":{"start":{"line":96,"column":24},"end":{"line":103,"column":5}},"27":{"start":{"line":97,"column":8},"end":{"line":97,"column":27}},"28":{"start":{"line":98,"column":8},"end":{"line":101,"column":11}},"29":{"start":{"line":102,"column":8},"end":{"line":102,"column":21}},"30":{"start":{"line":105,"column":23},"end":{"line":107,"column":5}},"31":{"start":{"line":106,"column":8},"end":{"line":106,"column":43}},"32":{"start":{"line":109,"column":28},"end":{"line":133,"column":5}},"33":{"start":{"line":110,"column":19},"end":{"line":110,"column":34}},"34":{"start":{"line":111,"column":8},"end":{"line":132,"column":9}},"35":{"start":{"line":113,"column":16},"end":{"line":119,"column":18}},"36":{"start":{"line":121,"column":16},"end":{"line":127,"column":18}},"37":{"start":{"line":129,"column":16},"end":{"line":129,"column":79}},"38":{"start":{"line":131,"column":16},"end":{"line":131,"column":49}},"39":{"start":{"line":135,"column":4},"end":{"line":135,"column":52}}},"fnMap":{"0":{"name":"Modal","decl":{"start":{"line":13,"column":24},"end":{"line":13,"column":29}},"loc":{"start":{"line":13,"column":32},"end":{"line":136,"column":1}},"line":13},"1":{"name":"(anonymous_1)","decl":{"start":{"line":49,"column":21},"end":{"line":49,"column":22}},"loc":{"start":{"line":49,"column":33},"end":{"line":68,"column":5}},"line":49},"2":{"name":"(anonymous_2)","decl":{"start":{"line":76,"column":18},"end":{"line":76,"column":19}},"loc":{"start":{"line":76,"column":30},"end":{"line":80,"column":9}},"line":76},"3":{"name":"(anonymous_3)","decl":{"start":{"line":90,"column":18},"end":{"line":90,"column":19}},"loc":{"start":{"line":90,"column":30},"end":{"line":93,"column":9}},"line":90},"4":{"name":"(anonymous_4)","decl":{"start":{"line":96,"column":24},"end":{"line":96,"column":25}},"loc":{"start":{"line":96,"column":31},"end":{"line":103,"column":5}},"line":96},"5":{"name":"(anonymous_5)","decl":{"start":{"line":105,"column":23},"end":{"line":105,"column":24}},"loc":{"start":{"line":105,"column":29},"end":{"line":107,"column":5}},"line":105},"6":{"name":"(anonymous_6)","decl":{"start":{"line":109,"column":28},"end":{"line":109,"column":29}},"loc":{"start":{"line":109,"column":34},"end":{"line":133,"column":5}},"line":109}},"branchMap":{"0":{"loc":{"start":{"line":35,"column":15},"end":{"line":35,"column":43}},"type":"binary-expr","locations":[{"start":{"line":35,"column":15},"end":{"line":35,"column":37}},{"start":{"line":35,"column":41},"end":{"line":35,"column":43}}],"line":35},"1":{"loc":{"start":{"line":36,"column":17},"end":{"line":36,"column":57}},"type":"binary-expr","locations":[{"start":{"line":36,"column":17},"end":{"line":36,"column":41}},{"start":{"line":36,"column":45},"end":{"line":36,"column":57}}],"line":36},"2":{"loc":{"start":{"line":37,"column":22},"end":{"line":37,"column":56}},"type":"binary-expr","locations":[{"start":{"line":37,"column":22},"end":{"line":37,"column":51}},{"start":{"line":37,"column":55},"end":{"line":37,"column":56}}],"line":37},"3":{"loc":{"start":{"line":38,"column":20},"end":{"line":38,"column":52}},"type":"binary-expr","locations":[{"start":{"line":38,"column":20},"end":{"line":38,"column":47}},{"start":{"line":38,"column":51},"end":{"line":38,"column":52}}],"line":38},"4":{"loc":{"start":{"line":39,"column":16},"end":{"line":39,"column":45}},"type":"binary-expr","locations":[{"start":{"line":39,"column":16},"end":{"line":39,"column":39}},{"start":{"line":39,"column":43},"end":{"line":39,"column":45}}],"line":39},"5":{"loc":{"start":{"line":40,"column":22},"end":{"line":40,"column":57}},"type":"binary-expr","locations":[{"start":{"line":40,"column":22},"end":{"line":40,"column":51}},{"start":{"line":40,"column":55},"end":{"line":40,"column":57}}],"line":40},"6":{"loc":{"start":{"line":41,"column":18},"end":{"line":41,"column":49}},"type":"binary-expr","locations":[{"start":{"line":41,"column":18},"end":{"line":41,"column":43}},{"start":{"line":41,"column":47},"end":{"line":41,"column":49}}],"line":41},"7":{"loc":{"start":{"line":42,"column":16},"end":{"line":42,"column":44}},"type":"binary-expr","locations":[{"start":{"line":42,"column":16},"end":{"line":42,"column":39}},{"start":{"line":42,"column":43},"end":{"line":42,"column":44}}],"line":42},"8":{"loc":{"start":{"line":43,"column":17},"end":{"line":43,"column":46}},"type":"binary-expr","locations":[{"start":{"line":43,"column":17},"end":{"line":43,"column":41}},{"start":{"line":43,"column":45},"end":{"line":43,"column":46}}],"line":43},"9":{"loc":{"start":{"line":44,"column":17},"end":{"line":44,"column":46}},"type":"binary-expr","locations":[{"start":{"line":44,"column":17},"end":{"line":44,"column":41}},{"start":{"line":44,"column":45},"end":{"line":44,"column":46}}],"line":44},"10":{"loc":{"start":{"line":45,"column":13},"end":{"line":45,"column":39}},"type":"binary-expr","locations":[{"start":{"line":45,"column":13},"end":{"line":45,"column":33}},{"start":{"line":45,"column":37},"end":{"line":45,"column":39}}],"line":45},"11":{"loc":{"start":{"line":46,"column":21},"end":{"line":46,"column":125}},"type":"binary-expr","locations":[{"start":{"line":46,"column":21},"end":{"line":46,"column":49}},{"start":{"line":46,"column":53},"end":{"line":46,"column":125}}],"line":46},"12":{"loc":{"start":{"line":51,"column":8},"end":{"line":53,"column":9}},"type":"if","locations":[{"start":{"line":51,"column":8},"end":{"line":53,"column":9}},{"start":{"line":51,"column":8},"end":{"line":53,"column":9}}],"line":51},"13":{"loc":{"start":{"line":54,"column":8},"end":{"line":56,"column":9}},"type":"if","locations":[{"start":{"line":54,"column":8},"end":{"line":56,"column":9}},{"start":{"line":54,"column":8},"end":{"line":56,"column":9}}],"line":54},"14":{"loc":{"start":{"line":57,"column":8},"end":{"line":59,"column":9}},"type":"if","locations":[{"start":{"line":57,"column":8},"end":{"line":59,"column":9}},{"start":{"line":57,"column":8},"end":{"line":59,"column":9}}],"line":57},"15":{"loc":{"start":{"line":60,"column":8},"end":{"line":62,"column":9}},"type":"if","locations":[{"start":{"line":60,"column":8},"end":{"line":62,"column":9}},{"start":{"line":60,"column":8},"end":{"line":62,"column":9}}],"line":60},"16":{"loc":{"start":{"line":63,"column":8},"end":{"line":65,"column":9}},"type":"if","locations":[{"start":{"line":63,"column":8},"end":{"line":65,"column":9}},{"start":{"line":63,"column":8},"end":{"line":65,"column":9}}],"line":63},"17":{"loc":{"start":{"line":111,"column":8},"end":{"line":132,"column":9}},"type":"switch","locations":[{"start":{"line":112,"column":12},"end":{"line":119,"column":18}},{"start":{"line":120,"column":12},"end":{"line":127,"column":18}},{"start":{"line":128,"column":12},"end":{"line":129,"column":79}},{"start":{"line":130,"column":12},"end":{"line":131,"column":49}}],"line":111},"18":{"loc":{"start":{"line":135,"column":14},"end":{"line":135,"column":47}},"type":"cond-expr","locations":[{"start":{"line":135,"column":23},"end":{"line":135,"column":40}},{"start":{"line":135,"column":43},"end":{"line":135,"column":47}}],"line":135}},"s":{"0":62,"1":61,"2":61,"3":61,"4":61,"5":61,"6":2,"7":2,"8":2,"9":2,"10":1,"11":2,"12":2,"13":2,"14":2,"15":2,"16":2,"17":2,"18":2,"19":61,"20":0,"21":0,"22":0,"23":61,"24":0,"25":0,"26":61,"27":0,"28":0,"29":0,"30":61,"31":0,"32":61,"33":61,"34":61,"35":26,"36":33,"37":2,"38":0,"39":61},"f":{"0":62,"1":2,"2":0,"3":0,"4":0,"5":0,"6":61},"b":{"0":[61,28],"1":[61,61],"2":[61,28],"3":[61,28],"4":[61,28],"5":[61,28],"6":[61,61],"7":[61,28],"8":[61,28],"9":[61,28],"10":[61,61],"11":[61,28],"12":[2,0],"13":[1,1],"14":[2,0],"15":[2,0],"16":[2,0],"17":[26,33,2,0],"18":[61,0]},"_coverageSchema":"1a1c01bbd47fc00a2c39e90264f33305004495a9","hash":"39869f2497064aa1462bbb48870a0cc98b440677"}
,"C:\\Users\\Tim_New\\Projects\\React_Training\\server-side-rendering\\components\\Modals\\AddMovie\\AddMovie.js": {"path":"C:\\Users\\Tim_New\\Projects\\React_Training\\server-side-rendering\\components\\Modals\\AddMovie\\AddMovie.js","statementMap":{"0":{"start":{"line":6,"column":25},"end":{"line":19,"column":5}},"1":{"start":{"line":8,"column":22},"end":{"line":8,"column":36}},"2":{"start":{"line":9,"column":23},"end":{"line":9,"column":43}},"3":{"start":{"line":12,"column":8},"end":{"line":16,"column":9}},"4":{"start":{"line":13,"column":12},"end":{"line":13,"column":64}},"5":{"start":{"line":13,"column":48},"end":{"line":13,"column":62}},"6":{"start":{"line":15,"column":12},"end":{"line":15,"column":43}},"7":{"start":{"line":18,"column":8},"end":{"line":18,"column":50}},"8":{"start":{"line":21,"column":4},"end":{"line":153,"column":6}}},"fnMap":{"0":{"name":"AddMovie","decl":{"start":{"line":5,"column":24},"end":{"line":5,"column":32}},"loc":{"start":{"line":5,"column":60},"end":{"line":154,"column":1}},"line":5},"1":{"name":"(anonymous_1)","decl":{"start":{"line":6,"column":25},"end":{"line":6,"column":26}},"loc":{"start":{"line":6,"column":32},"end":{"line":19,"column":5}},"line":6},"2":{"name":"(anonymous_2)","decl":{"start":{"line":13,"column":38},"end":{"line":13,"column":39}},"loc":{"start":{"line":13,"column":48},"end":{"line":13,"column":62}},"line":13}},"branchMap":{"0":{"loc":{"start":{"line":12,"column":8},"end":{"line":16,"column":9}},"type":"if","locations":[{"start":{"line":12,"column":8},"end":{"line":16,"column":9}},{"start":{"line":12,"column":8},"end":{"line":16,"column":9}}],"line":12},"1":{"loc":{"start":{"line":43,"column":25},"end":{"line":47,"column":32}},"type":"cond-expr","locations":[{"start":{"line":44,"column":28},"end":{"line":46,"column":35}},{"start":{"line":47,"column":28},"end":{"line":47,"column":32}}],"line":43},"2":{"loc":{"start":{"line":61,"column":25},"end":{"line":65,"column":32}},"type":"cond-expr","locations":[{"start":{"line":62,"column":28},"end":{"line":64,"column":35}},{"start":{"line":65,"column":28},"end":{"line":65,"column":32}}],"line":61},"3":{"loc":{"start":{"line":77,"column":25},"end":{"line":81,"column":32}},"type":"cond-expr","locations":[{"start":{"line":78,"column":28},"end":{"line":80,"column":35}},{"start":{"line":81,"column":28},"end":{"line":81,"column":32}}],"line":77},"4":{"loc":{"start":{"line":91,"column":25},"end":{"line":95,"column":32}},"type":"cond-expr","locations":[{"start":{"line":92,"column":28},"end":{"line":94,"column":35}},{"start":{"line":95,"column":28},"end":{"line":95,"column":32}}],"line":91},"5":{"loc":{"start":{"line":108,"column":21},"end":{"line":112,"column":28}},"type":"cond-expr","locations":[{"start":{"line":109,"column":24},"end":{"line":111,"column":31}},{"start":{"line":112,"column":24},"end":{"line":112,"column":28}}],"line":108},"6":{"loc":{"start":{"line":127,"column":21},"end":{"line":131,"column":28}},"type":"cond-expr","locations":[{"start":{"line":128,"column":24},"end":{"line":130,"column":31}},{"start":{"line":131,"column":24},"end":{"line":131,"column":28}}],"line":127}},"s":{"0":26,"1":0,"2":0,"3":0,"4":0,"5":0,"6":0,"7":0,"8":26},"f":{"0":26,"1":0,"2":0},"b":{"0":[0,0],"1":[2,24],"2":[2,24],"3":[0,26],"4":[2,24],"5":[2,24],"6":[2,24]},"_coverageSchema":"1a1c01bbd47fc00a2c39e90264f33305004495a9","hash":"c63b8e11f2536ca4d476ec7eaa86102ecfba9c30"}
,"C:\\Users\\Tim_New\\Projects\\React_Training\\server-side-rendering\\components\\Modals\\DeleteMovie\\DeleteMovie.js": {"path":"C:\\Users\\Tim_New\\Projects\\React_Training\\server-side-rendering\\components\\Modals\\DeleteMovie\\DeleteMovie.js","statementMap":{"0":{"start":{"line":4,"column":4},"end":{"line":24,"column":6}}},"fnMap":{"0":{"name":"DeleteMovie","decl":{"start":{"line":3,"column":24},"end":{"line":3,"column":35}},"loc":{"start":{"line":3,"column":55},"end":{"line":25,"column":1}},"line":3}},"branchMap":{},"s":{"0":2},"f":{"0":2},"b":{},"_coverageSchema":"1a1c01bbd47fc00a2c39e90264f33305004495a9","hash":"5bf93ae92980ff78a7c74725323050c08a7d2c68"}
,"C:\\Users\\Tim_New\\Projects\\React_Training\\server-side-rendering\\components\\Modals\\EditMovie\\EditMovie.js": {"path":"C:\\Users\\Tim_New\\Projects\\React_Training\\server-side-rendering\\components\\Modals\\EditMovie\\EditMovie.js","statementMap":{"0":{"start":{"line":6,"column":25},"end":{"line":19,"column":5}},"1":{"start":{"line":8,"column":22},"end":{"line":8,"column":36}},"2":{"start":{"line":9,"column":23},"end":{"line":9,"column":43}},"3":{"start":{"line":12,"column":8},"end":{"line":16,"column":9}},"4":{"start":{"line":13,"column":12},"end":{"line":13,"column":64}},"5":{"start":{"line":13,"column":48},"end":{"line":13,"column":62}},"6":{"start":{"line":15,"column":12},"end":{"line":15,"column":43}},"7":{"start":{"line":18,"column":8},"end":{"line":18,"column":50}},"8":{"start":{"line":21,"column":4},"end":{"line":159,"column":6}}},"fnMap":{"0":{"name":"EditMovie","decl":{"start":{"line":5,"column":24},"end":{"line":5,"column":33}},"loc":{"start":{"line":5,"column":61},"end":{"line":160,"column":1}},"line":5},"1":{"name":"(anonymous_1)","decl":{"start":{"line":6,"column":25},"end":{"line":6,"column":26}},"loc":{"start":{"line":6,"column":32},"end":{"line":19,"column":5}},"line":6},"2":{"name":"(anonymous_2)","decl":{"start":{"line":13,"column":38},"end":{"line":13,"column":39}},"loc":{"start":{"line":13,"column":48},"end":{"line":13,"column":62}},"line":13}},"branchMap":{"0":{"loc":{"start":{"line":12,"column":8},"end":{"line":16,"column":9}},"type":"if","locations":[{"start":{"line":12,"column":8},"end":{"line":16,"column":9}},{"start":{"line":12,"column":8},"end":{"line":16,"column":9}}],"line":12},"1":{"loc":{"start":{"line":52,"column":25},"end":{"line":56,"column":32}},"type":"cond-expr","locations":[{"start":{"line":53,"column":28},"end":{"line":55,"column":35}},{"start":{"line":56,"column":28},"end":{"line":56,"column":32}}],"line":52},"2":{"loc":{"start":{"line":69,"column":25},"end":{"line":73,"column":32}},"type":"cond-expr","locations":[{"start":{"line":70,"column":28},"end":{"line":72,"column":35}},{"start":{"line":73,"column":28},"end":{"line":73,"column":32}}],"line":69},"3":{"loc":{"start":{"line":85,"column":25},"end":{"line":89,"column":32}},"type":"cond-expr","locations":[{"start":{"line":86,"column":28},"end":{"line":88,"column":35}},{"start":{"line":89,"column":28},"end":{"line":89,"column":32}}],"line":85},"4":{"loc":{"start":{"line":99,"column":25},"end":{"line":103,"column":32}},"type":"cond-expr","locations":[{"start":{"line":100,"column":28},"end":{"line":102,"column":35}},{"start":{"line":103,"column":28},"end":{"line":103,"column":32}}],"line":99},"5":{"loc":{"start":{"line":115,"column":25},"end":{"line":119,"column":32}},"type":"cond-expr","locations":[{"start":{"line":116,"column":28},"end":{"line":118,"column":35}},{"start":{"line":119,"column":28},"end":{"line":119,"column":32}}],"line":115},"6":{"loc":{"start":{"line":133,"column":25},"end":{"line":137,"column":32}},"type":"cond-expr","locations":[{"start":{"line":134,"column":28},"end":{"line":136,"column":35}},{"start":{"line":137,"column":28},"end":{"line":137,"column":32}}],"line":133}},"s":{"0":33,"1":0,"2":0,"3":0,"4":0,"5":0,"6":0,"7":0,"8":33},"f":{"0":33,"1":0,"2":0},"b":{"0":[0,0],"1":[2,31],"2":[2,31],"3":[0,33],"4":[0,33],"5":[2,31],"6":[2,31]},"_coverageSchema":"1a1c01bbd47fc00a2c39e90264f33305004495a9","hash":"1254af80d7faf8b90d207c3faa57380d0b039079"}
,"C:\\Users\\Tim_New\\Projects\\React_Training\\server-side-rendering\\components\\MovieCard\\MovieCard.js": {"path":"C:\\Users\\Tim_New\\Projects\\React_Training\\server-side-rendering\\components\\MovieCard\\MovieCard.js","statementMap":{"0":{"start":{"line":8,"column":42},"end":{"line":8,"column":63}},"1":{"start":{"line":9,"column":28},"end":{"line":9,"column":65}},"2":{"start":{"line":11,"column":28},"end":{"line":21,"column":5}},"3":{"start":{"line":12,"column":8},"end":{"line":12,"column":27}},"4":{"start":{"line":13,"column":8},"end":{"line":19,"column":11}},"5":{"start":{"line":20,"column":8},"end":{"line":20,"column":37}},"6":{"start":{"line":23,"column":30},"end":{"line":31,"column":5}},"7":{"start":{"line":24,"column":19},"end":{"line":24,"column":27}},"8":{"start":{"line":25,"column":8},"end":{"line":25,"column":27}},"9":{"start":{"line":26,"column":8},"end":{"line":29,"column":11}},"10":{"start":{"line":30,"column":8},"end":{"line":30,"column":37}},"11":{"start":{"line":33,"column":27},"end":{"line":36,"column":5}},"12":{"start":{"line":34,"column":8},"end":{"line":34,"column":27}},"13":{"start":{"line":35,"column":8},"end":{"line":35,"column":37}},"14":{"start":{"line":38,"column":26},"end":{"line":41,"column":5}},"15":{"start":{"line":39,"column":8},"end":{"line":40,"column":85}},"16":{"start":{"line":43,"column":4},"end":{"line":115,"column":6}},"17":{"start":{"line":118,"column":0},"end":{"line":133,"column":2}},"18":{"start":{"line":135,"column":0},"end":{"line":151,"column":2}}},"fnMap":{"0":{"name":"MovieCard","decl":{"start":{"line":7,"column":24},"end":{"line":7,"column":33}},"loc":{"start":{"line":7,"column":45},"end":{"line":116,"column":1}},"line":7},"1":{"name":"(anonymous_1)","decl":{"start":{"line":11,"column":28},"end":{"line":11,"column":29}},"loc":{"start":{"line":11,"column":35},"end":{"line":21,"column":5}},"line":11},"2":{"name":"(anonymous_2)","decl":{"start":{"line":23,"column":30},"end":{"line":23,"column":31}},"loc":{"start":{"line":23,"column":37},"end":{"line":31,"column":5}},"line":23},"3":{"name":"(anonymous_3)","decl":{"start":{"line":33,"column":27},"end":{"line":33,"column":28}},"loc":{"start":{"line":33,"column":34},"end":{"line":36,"column":5}},"line":33},"4":{"name":"(anonymous_4)","decl":{"start":{"line":38,"column":26},"end":{"line":38,"column":27}},"loc":{"start":{"line":38,"column":33},"end":{"line":41,"column":5}},"line":38}},"branchMap":{"0":{"loc":{"start":{"line":59,"column":41},"end":{"line":59,"column":73}},"type":"cond-expr","locations":[{"start":{"line":59,"column":55},"end":{"line":59,"column":61}},{"start":{"line":59,"column":64},"end":{"line":59,"column":73}}],"line":59},"1":{"loc":{"start":{"line":67,"column":41},"end":{"line":67,"column":73}},"type":"cond-expr","locations":[{"start":{"line":67,"column":55},"end":{"line":67,"column":64}},{"start":{"line":67,"column":67},"end":{"line":67,"column":73}}],"line":67},"2":{"loc":{"start":{"line":101,"column":33},"end":{"line":101,"column":108}},"type":"cond-expr","locations":[{"start":{"line":101,"column":67},"end":{"line":101,"column":101}},{"start":{"line":101,"column":104},"end":{"line":101,"column":108}}],"line":101},"3":{"loc":{"start":{"line":106,"column":33},"end":{"line":108,"column":50}},"type":"cond-expr","locations":[{"start":{"line":107,"column":38},"end":{"line":107,"column":61}},{"start":{"line":108,"column":38},"end":{"line":108,"column":50}}],"line":106}},"s":{"0":3,"1":3,"2":3,"3":0,"4":0,"5":0,"6":3,"7":0,"8":0,"9":0,"10":0,"11":3,"12":1,"13":1,"14":3,"15":0,"16":3,"17":2,"18":2},"f":{"0":3,"1":0,"2":0,"3":1,"4":0},"b":{"0":[1,2],"1":[1,2],"2":[3,0],"3":[0,3]},"_coverageSchema":"1a1c01bbd47fc00a2c39e90264f33305004495a9","hash":"43b212f4161ad06f526b86448b3c19b17c3e4bc8"}
,"C:\\Users\\Tim_New\\Projects\\React_Training\\server-side-rendering\\components\\MovieDetails\\MovieDetails.js": {"path":"C:\\Users\\Tim_New\\Projects\\React_Training\\server-side-rendering\\components\\MovieDetails\\MovieDetails.js","statementMap":{"0":{"start":{"line":4,"column":26},"end":{"line":7,"column":5}},"1":{"start":{"line":5,"column":8},"end":{"line":6,"column":85}},"2":{"start":{"line":9,"column":4},"end":{"line":44,"column":6}}},"fnMap":{"0":{"name":"MovieDetails","decl":{"start":{"line":3,"column":24},"end":{"line":3,"column":36}},"loc":{"start":{"line":3,"column":46},"end":{"line":45,"column":1}},"line":3},"1":{"name":"(anonymous_1)","decl":{"start":{"line":4,"column":26},"end":{"line":4,"column":27}},"loc":{"start":{"line":4,"column":33},"end":{"line":7,"column":5}},"line":4}},"branchMap":{"0":{"loc":{"start":{"line":27,"column":29},"end":{"line":29,"column":38}},"type":"cond-expr","locations":[{"start":{"line":28,"column":34},"end":{"line":28,"column":68}},{"start":{"line":29,"column":34},"end":{"line":29,"column":38}}],"line":27}},"s":{"0":1,"1":0,"2":1},"f":{"0":1,"1":0},"b":{"0":[0,1]},"_coverageSchema":"1a1c01bbd47fc00a2c39e90264f33305004495a9","hash":"2f51571ba5a29fa94667ff55d75d061bd86ced19"}
,"C:\\Users\\Tim_New\\Projects\\React_Training\\server-side-rendering\\components\\MovieList\\MovieList.js": {"path":"C:\\Users\\Tim_New\\Projects\\React_Training\\server-side-rendering\\components\\MovieList\\MovieList.js","statementMap":{"0":{"start":{"line":8,"column":19},"end":{"line":8,"column":55}},"1":{"start":{"line":8,"column":42},"end":{"line":8,"column":54}},"2":{"start":{"line":10,"column":4},"end":{"line":22,"column":6}},"3":{"start":{"line":18,"column":20},"end":{"line":18,"column":70}}},"fnMap":{"0":{"name":"MovieList","decl":{"start":{"line":6,"column":24},"end":{"line":6,"column":33}},"loc":{"start":{"line":6,"column":36},"end":{"line":23,"column":1}},"line":6},"1":{"name":"(anonymous_1)","decl":{"start":{"line":8,"column":31},"end":{"line":8,"column":32}},"loc":{"start":{"line":8,"column":42},"end":{"line":8,"column":54}},"line":8},"2":{"name":"(anonymous_2)","decl":{"start":{"line":17,"column":29},"end":{"line":17,"column":30}},"loc":{"start":{"line":17,"column":40},"end":{"line":19,"column":17}},"line":17}},"branchMap":{},"s":{"0":1,"1":2,"2":1,"3":0},"f":{"0":1,"1":2,"2":0},"b":{},"_coverageSchema":"1a1c01bbd47fc00a2c39e90264f33305004495a9","hash":"9a7b169f4d6ce8cd2ce1870f8998fe3f387bfb5e"}
,"C:\\Users\\Tim_New\\Projects\\React_Training\\server-side-rendering\\components\\Nav\\Nav.js": {"path":"C:\\Users\\Tim_New\\Projects\\React_Training\\server-side-rendering\\components\\Nav\\Nav.js","statementMap":{"0":{"start":{"line":9,"column":21},"end":{"line":9,"column":34}},"1":{"start":{"line":10,"column":19},"end":{"line":10,"column":55}},"2":{"start":{"line":10,"column":42},"end":{"line":10,"column":54}},"3":{"start":{"line":11,"column":32},"end":{"line":11,"column":50}},"4":{"start":{"line":13,"column":4},"end":{"line":21,"column":17}},"5":{"start":{"line":14,"column":8},"end":{"line":20,"column":9}},"6":{"start":{"line":15,"column":27},"end":{"line":18,"column":56}},"7":{"start":{"line":16,"column":32},"end":{"line":16,"column":44}},"8":{"start":{"line":18,"column":37},"end":{"line":18,"column":55}},"9":{"start":{"line":19,"column":12},"end":{"line":19,"column":30}},"10":{"start":{"line":23,"column":17},"end":{"line":25,"column":5}},"11":{"start":{"line":24,"column":8},"end":{"line":24,"column":45}},"12":{"start":{"line":27,"column":19},"end":{"line":34,"column":5}},"13":{"start":{"line":28,"column":22},"end":{"line":28,"column":60}},"14":{"start":{"line":29,"column":8},"end":{"line":33,"column":9}},"15":{"start":{"line":30,"column":12},"end":{"line":30,"column":57}},"16":{"start":{"line":32,"column":12},"end":{"line":32,"column":74}},"17":{"start":{"line":36,"column":4},"end":{"line":64,"column":6}},"18":{"start":{"line":45,"column":20},"end":{"line":51,"column":22}}},"fnMap":{"0":{"name":"Nav","decl":{"start":{"line":8,"column":24},"end":{"line":8,"column":27}},"loc":{"start":{"line":8,"column":30},"end":{"line":65,"column":1}},"line":8},"1":{"name":"(anonymous_1)","decl":{"start":{"line":10,"column":31},"end":{"line":10,"column":32}},"loc":{"start":{"line":10,"column":42},"end":{"line":10,"column":54}},"line":10},"2":{"name":"(anonymous_2)","decl":{"start":{"line":13,"column":20},"end":{"line":13,"column":21}},"loc":{"start":{"line":13,"column":26},"end":{"line":21,"column":5}},"line":13},"3":{"name":"(anonymous_3)","decl":{"start":{"line":16,"column":21},"end":{"line":16,"column":22}},"loc":{"start":{"line":16,"column":32},"end":{"line":16,"column":44}},"line":16},"4":{"name":"(anonymous_4)","decl":{"start":{"line":18,"column":24},"end":{"line":18,"column":25}},"loc":{"start":{"line":18,"column":37},"end":{"line":18,"column":55}},"line":18},"5":{"name":"(anonymous_5)","decl":{"start":{"line":23,"column":17},"end":{"line":23,"column":18}},"loc":{"start":{"line":23,"column":24},"end":{"line":25,"column":5}},"line":23},"6":{"name":"(anonymous_6)","decl":{"start":{"line":27,"column":19},"end":{"line":27,"column":20}},"loc":{"start":{"line":27,"column":26},"end":{"line":34,"column":5}},"line":27},"7":{"name":"(anonymous_7)","decl":{"start":{"line":44,"column":40},"end":{"line":44,"column":41}},"loc":{"start":{"line":44,"column":51},"end":{"line":52,"column":17}},"line":44}},"branchMap":{"0":{"loc":{"start":{"line":14,"column":8},"end":{"line":20,"column":9}},"type":"if","locations":[{"start":{"line":14,"column":8},"end":{"line":20,"column":9}},{"start":{"line":14,"column":8},"end":{"line":20,"column":9}}],"line":14},"1":{"loc":{"start":{"line":29,"column":8},"end":{"line":33,"column":9}},"type":"if","locations":[{"start":{"line":29,"column":8},"end":{"line":33,"column":9}},{"start":{"line":29,"column":8},"end":{"line":33,"column":9}}],"line":29}},"s":{"0":2,"1":2,"2":3,"3":2,"4":2,"5":1,"6":1,"7":0,"8":0,"9":1,"10":2,"11":0,"12":2,"13":0,"14":0,"15":0,"16":0,"17":2,"18":0},"f":{"0":2,"1":3,"2":1,"3":0,"4":0,"5":0,"6":0,"7":0},"b":{"0":[1,0],"1":[0,0]},"_coverageSchema":"1a1c01bbd47fc00a2c39e90264f33305004495a9","hash":"7888eecab5e9a264cb76b96eed3f80d645266ce9"}
,"C:\\Users\\Tim_New\\Projects\\React_Training\\server-side-rendering\\components\\UI\\Button\\Button.js": {"path":"C:\\Users\\Tim_New\\Projects\\React_Training\\server-side-rendering\\components\\UI\\Button\\Button.js","statementMap":{"0":{"start":{"line":3,"column":15},"end":{"line":9,"column":1}},"1":{"start":{"line":4,"column":4},"end":{"line":8,"column":6}}},"fnMap":{"0":{"name":"(anonymous_0)","decl":{"start":{"line":3,"column":15},"end":{"line":3,"column":16}},"loc":{"start":{"line":3,"column":42},"end":{"line":9,"column":1}},"line":3}},"branchMap":{},"s":{"0":1,"1":2},"f":{"0":2},"b":{},"_coverageSchema":"1a1c01bbd47fc00a2c39e90264f33305004495a9","hash":"e1c20ff2de40b0ee1c07a044fdc1178d4e4abb7b"}
,"C:\\Users\\Tim_New\\Projects\\React_Training\\server-side-rendering\\components\\UI\\Button\\index.js": {"path":"C:\\Users\\Tim_New\\Projects\\React_Training\\server-side-rendering\\components\\UI\\Button\\index.js","statementMap":{},"fnMap":{},"branchMap":{},"s":{},"f":{},"b":{},"_coverageSchema":"1a1c01bbd47fc00a2c39e90264f33305004495a9","hash":"5beda2eed2a76aa2ba68aed3606eedf9b2872f6b"}
,"C:\\Users\\Tim_New\\Projects\\React_Training\\server-side-rendering\\components\\UI\\Logo\\Logo.js": {"path":"C:\\Users\\Tim_New\\Projects\\React_Training\\server-side-rendering\\components\\UI\\Logo\\Logo.js","statementMap":{"0":{"start":{"line":3,"column":13},"end":{"line":10,"column":1}},"1":{"start":{"line":4,"column":4},"end":{"line":9,"column":6}}},"fnMap":{"0":{"name":"(anonymous_0)","decl":{"start":{"line":3,"column":13},"end":{"line":3,"column":14}},"loc":{"start":{"line":3,"column":30},"end":{"line":10,"column":1}},"line":3}},"branchMap":{},"s":{"0":1,"1":2},"f":{"0":2},"b":{},"_coverageSchema":"1a1c01bbd47fc00a2c39e90264f33305004495a9","hash":"167ce032cb4b444d5af51b884c1bb29251bb21cb"}
,"C:\\Users\\Tim_New\\Projects\\React_Training\\server-side-rendering\\components\\UI\\Logo\\index.js": {"path":"C:\\Users\\Tim_New\\Projects\\React_Training\\server-side-rendering\\components\\UI\\Logo\\index.js","statementMap":{},"fnMap":{},"branchMap":{},"s":{},"f":{},"b":{},"_coverageSchema":"1a1c01bbd47fc00a2c39e90264f33305004495a9","hash":"684bda8b80b327c85a5f893a42ee70f5e6a51a61"}
,"C:\\Users\\Tim_New\\Projects\\React_Training\\server-side-rendering\\context\\ModalContext.js": {"path":"C:\\Users\\Tim_New\\Projects\\React_Training\\server-side-rendering\\context\\ModalContext.js","statementMap":{"0":{"start":{"line":3,"column":22},"end":{"line":13,"column":1}},"1":{"start":{"line":4,"column":32},"end":{"line":4,"column":67}},"2":{"start":{"line":5,"column":40},"end":{"line":5,"column":79}},"3":{"start":{"line":7,"column":26},"end":{"line":10,"column":5}},"4":{"start":{"line":8,"column":8},"end":{"line":8,"column":26}},"5":{"start":{"line":9,"column":8},"end":{"line":9,"column":34}},"6":{"start":{"line":12,"column":4},"end":{"line":12,"column":51}},"7":{"start":{"line":15,"column":33},"end":{"line":15,"column":54}},"8":{"start":{"line":16,"column":35},"end":{"line":16,"column":56}},"9":{"start":{"line":18,"column":28},"end":{"line":31,"column":1}},"10":{"start":{"line":19,"column":44},"end":{"line":22,"column":6}},"11":{"start":{"line":24,"column":4},"end":{"line":30,"column":6}}},"fnMap":{"0":{"name":"(anonymous_0)","decl":{"start":{"line":3,"column":22},"end":{"line":3,"column":23}},"loc":{"start":{"line":3,"column":40},"end":{"line":13,"column":1}},"line":3},"1":{"name":"(anonymous_1)","decl":{"start":{"line":7,"column":26},"end":{"line":7,"column":27}},"loc":{"start":{"line":7,"column":59},"end":{"line":10,"column":5}},"line":7},"2":{"name":"(anonymous_2)","decl":{"start":{"line":18,"column":28},"end":{"line":18,"column":29}},"loc":{"start":{"line":18,"column":46},"end":{"line":31,"column":1}},"line":18}},"branchMap":{"0":{"loc":{"start":{"line":7,"column":37},"end":{"line":7,"column":52}},"type":"default-arg","locations":[{"start":{"line":7,"column":50},"end":{"line":7,"column":52}}],"line":7}},"s":{"0":6,"1":0,"2":0,"3":0,"4":0,"5":0,"6":0,"7":6,"8":6,"9":6,"10":0,"11":0},"f":{"0":0,"1":0,"2":0},"b":{"0":[0]},"_coverageSchema":"1a1c01bbd47fc00a2c39e90264f33305004495a9","hash":"f0834d64e1894cd96401b4543a166a0fc3c645f8"}
,"C:\\Users\\Tim_New\\Projects\\React_Training\\server-side-rendering\\redux\\sagas\\addMovie.js": {"path":"C:\\Users\\Tim_New\\Projects\\React_Training\\server-side-rendering\\redux\\sagas\\addMovie.js","statementMap":{"0":{"start":{"line":7,"column":10},"end":{"line":24,"column":1}},"1":{"start":{"line":8,"column":16},"end":{"line":8,"column":31}},"2":{"start":{"line":9,"column":4},"end":{"line":9,"column":20}},"3":{"start":{"line":11,"column":4},"end":{"line":23,"column":6}},"4":{"start":{"line":22,"column":8},"end":{"line":22,"column":24}},"5":{"start":{"line":27,"column":4},"end":{"line":32,"column":5}},"6":{"start":{"line":28,"column":20},"end":{"line":28,"column":48}},"7":{"start":{"line":29,"column":8},"end":{"line":29,"column":35}},"8":{"start":{"line":31,"column":8},"end":{"line":31,"column":44}},"9":{"start":{"line":36,"column":4},"end":{"line":36,"column":57}}},"fnMap":{"0":{"name":"(anonymous_0)","decl":{"start":{"line":7,"column":10},"end":{"line":7,"column":11}},"loc":{"start":{"line":7,"column":29},"end":{"line":24,"column":1}},"line":7},"1":{"name":"(anonymous_1)","decl":{"start":{"line":21,"column":10},"end":{"line":21,"column":11}},"loc":{"start":{"line":21,"column":19},"end":{"line":23,"column":5}},"line":21},"2":{"name":"addMovieSaga","decl":{"start":{"line":26,"column":17},"end":{"line":26,"column":29}},"loc":{"start":{"line":26,"column":43},"end":{"line":33,"column":1}},"line":26},"3":{"name":"watchAddMovie","decl":{"start":{"line":35,"column":17},"end":{"line":35,"column":30}},"loc":{"start":{"line":35,"column":33},"end":{"line":37,"column":1}},"line":35}},"branchMap":{},"s":{"0":1,"1":1,"2":1,"3":0,"4":0,"5":1,"6":1,"7":0,"8":1,"9":0},"f":{"0":1,"1":0,"2":1,"3":0},"b":{},"_coverageSchema":"1a1c01bbd47fc00a2c39e90264f33305004495a9","hash":"fa02acc1cc004fe5ef330f2ed6363201ce39a86b"}
,"C:\\Users\\Tim_New\\Projects\\React_Training\\server-side-rendering\\redux\\sagas\\deleteMovie.js": {"path":"C:\\Users\\Tim_New\\Projects\\React_Training\\server-side-rendering\\redux\\sagas\\deleteMovie.js","statementMap":{"0":{"start":{"line":7,"column":10},"end":{"line":16,"column":1}},"1":{"start":{"line":8,"column":18},"end":{"line":8,"column":33}},"2":{"start":{"line":9,"column":4},"end":{"line":15,"column":6}},"3":{"start":{"line":19,"column":4},"end":{"line":24,"column":5}},"4":{"start":{"line":20,"column":8},"end":{"line":20,"column":37}},"5":{"start":{"line":21,"column":8},"end":{"line":21,"column":40}},"6":{"start":{"line":23,"column":8},"end":{"line":23,"column":44}},"7":{"start":{"line":28,"column":4},"end":{"line":28,"column":63}}},"fnMap":{"0":{"name":"(anonymous_0)","decl":{"start":{"line":7,"column":10},"end":{"line":7,"column":11}},"loc":{"start":{"line":7,"column":29},"end":{"line":16,"column":1}},"line":7},"1":{"name":"deleteMovieSaga","decl":{"start":{"line":18,"column":17},"end":{"line":18,"column":32}},"loc":{"start":{"line":18,"column":46},"end":{"line":25,"column":1}},"line":18},"2":{"name":"watchDeleteMovie","decl":{"start":{"line":27,"column":17},"end":{"line":27,"column":33}},"loc":{"start":{"line":27,"column":36},"end":{"line":29,"column":1}},"line":27}},"branchMap":{},"s":{"0":1,"1":1,"2":1,"3":1,"4":1,"5":0,"6":1,"7":0},"f":{"0":1,"1":1,"2":0},"b":{},"_coverageSchema":"1a1c01bbd47fc00a2c39e90264f33305004495a9","hash":"03e1c61ef67df7d49bad9a98a7ef3e547bce0eb2"}
,"C:\\Users\\Tim_New\\Projects\\React_Training\\server-side-rendering\\redux\\sagas\\editMovie.js": {"path":"C:\\Users\\Tim_New\\Projects\\React_Training\\server-side-rendering\\redux\\sagas\\editMovie.js","statementMap":{"0":{"start":{"line":7,"column":10},"end":{"line":23,"column":1}},"1":{"start":{"line":8,"column":16},"end":{"line":8,"column":31}},"2":{"start":{"line":9,"column":4},"end":{"line":9,"column":21}},"3":{"start":{"line":11,"column":4},"end":{"line":22,"column":7}},"4":{"start":{"line":21,"column":8},"end":{"line":21,"column":24}},"5":{"start":{"line":26,"column":4},"end":{"line":32,"column":5}},"6":{"start":{"line":27,"column":8},"end":{"line":27,"column":27}},"7":{"start":{"line":28,"column":20},"end":{"line":28,"column":48}},"8":{"start":{"line":29,"column":8},"end":{"line":29,"column":36}},"9":{"start":{"line":31,"column":8},"end":{"line":31,"column":44}},"10":{"start":{"line":36,"column":4},"end":{"line":36,"column":59}}},"fnMap":{"0":{"name":"(anonymous_0)","decl":{"start":{"line":7,"column":10},"end":{"line":7,"column":11}},"loc":{"start":{"line":7,"column":29},"end":{"line":23,"column":1}},"line":7},"1":{"name":"(anonymous_1)","decl":{"start":{"line":20,"column":12},"end":{"line":20,"column":13}},"loc":{"start":{"line":20,"column":21},"end":{"line":22,"column":5}},"line":20},"2":{"name":"editMovieSaga","decl":{"start":{"line":25,"column":17},"end":{"line":25,"column":30}},"loc":{"start":{"line":25,"column":44},"end":{"line":33,"column":1}},"line":25},"3":{"name":"watchEditMovie","decl":{"start":{"line":35,"column":17},"end":{"line":35,"column":31}},"loc":{"start":{"line":35,"column":34},"end":{"line":37,"column":1}},"line":35}},"branchMap":{},"s":{"0":1,"1":0,"2":0,"3":0,"4":0,"5":1,"6":1,"7":0,"8":0,"9":1,"10":0},"f":{"0":0,"1":0,"2":1,"3":0},"b":{},"_coverageSchema":"1a1c01bbd47fc00a2c39e90264f33305004495a9","hash":"a6ade851cd4c33b61a5250943da5c997285bab69"}
,"C:\\Users\\Tim_New\\Projects\\React_Training\\server-side-rendering\\redux\\sagas\\fetchMovies.js": {"path":"C:\\Users\\Tim_New\\Projects\\React_Training\\server-side-rendering\\redux\\sagas\\fetchMovies.js","statementMap":{"0":{"start":{"line":7,"column":10},"end":{"line":18,"column":1}},"1":{"start":{"line":8,"column":4},"end":{"line":17,"column":7}},"2":{"start":{"line":16,"column":8},"end":{"line":16,"column":29}},"3":{"start":{"line":21,"column":4},"end":{"line":26,"column":5}},"4":{"start":{"line":22,"column":21},"end":{"line":22,"column":36}},"5":{"start":{"line":23,"column":8},"end":{"line":23,"column":39}},"6":{"start":{"line":25,"column":8},"end":{"line":25,"column":44}},"7":{"start":{"line":30,"column":4},"end":{"line":30,"column":63}}},"fnMap":{"0":{"name":"(anonymous_0)","decl":{"start":{"line":7,"column":10},"end":{"line":7,"column":11}},"loc":{"start":{"line":7,"column":22},"end":{"line":18,"column":1}},"line":7},"1":{"name":"(anonymous_1)","decl":{"start":{"line":15,"column":10},"end":{"line":15,"column":11}},"loc":{"start":{"line":15,"column":19},"end":{"line":17,"column":5}},"line":15},"2":{"name":"fetchMoviesSaga","decl":{"start":{"line":20,"column":17},"end":{"line":20,"column":32}},"loc":{"start":{"line":20,"column":35},"end":{"line":27,"column":1}},"line":20},"3":{"name":"watchMovies","decl":{"start":{"line":29,"column":17},"end":{"line":29,"column":28}},"loc":{"start":{"line":29,"column":31},"end":{"line":31,"column":1}},"line":29}},"branchMap":{},"s":{"0":1,"1":1,"2":1,"3":1,"4":1,"5":1,"6":0,"7":0},"f":{"0":1,"1":1,"2":1,"3":0},"b":{},"_coverageSchema":"1a1c01bbd47fc00a2c39e90264f33305004495a9","hash":"0c7845e326efc88e58bf9ec54ba13537c3ba59d2"}
,"C:\\Users\\Tim_New\\Projects\\React_Training\\server-side-rendering\\redux\\sagas\\filterMovies.js": {"path":"C:\\Users\\Tim_New\\Projects\\React_Training\\server-side-rendering\\redux\\sagas\\filterMovies.js","statementMap":{"0":{"start":{"line":7,"column":10},"end":{"line":21,"column":1}},"1":{"start":{"line":8,"column":16},"end":{"line":8,"column":31}},"2":{"start":{"line":9,"column":4},"end":{"line":20,"column":7}},"3":{"start":{"line":19,"column":8},"end":{"line":19,"column":29}},"4":{"start":{"line":24,"column":4},"end":{"line":29,"column":5}},"5":{"start":{"line":25,"column":21},"end":{"line":25,"column":49}},"6":{"start":{"line":26,"column":8},"end":{"line":26,"column":40}},"7":{"start":{"line":28,"column":8},"end":{"line":28,"column":44}},"8":{"start":{"line":33,"column":4},"end":{"line":33,"column":65}}},"fnMap":{"0":{"name":"(anonymous_0)","decl":{"start":{"line":7,"column":10},"end":{"line":7,"column":11}},"loc":{"start":{"line":7,"column":29},"end":{"line":21,"column":1}},"line":7},"1":{"name":"(anonymous_1)","decl":{"start":{"line":18,"column":12},"end":{"line":18,"column":13}},"loc":{"start":{"line":18,"column":21},"end":{"line":20,"column":5}},"line":18},"2":{"name":"filterMoviesSaga","decl":{"start":{"line":23,"column":17},"end":{"line":23,"column":33}},"loc":{"start":{"line":23,"column":47},"end":{"line":30,"column":1}},"line":23},"3":{"name":"watchMoviesFilter","decl":{"start":{"line":32,"column":17},"end":{"line":32,"column":34}},"loc":{"start":{"line":32,"column":37},"end":{"line":34,"column":1}},"line":32}},"branchMap":{},"s":{"0":1,"1":1,"2":1,"3":1,"4":1,"5":1,"6":1,"7":0,"8":0},"f":{"0":1,"1":1,"2":1,"3":0},"b":{},"_coverageSchema":"1a1c01bbd47fc00a2c39e90264f33305004495a9","hash":"b17e92f056a9f3526f9b34fea02fade468a04cd7"}
,"C:\\Users\\Tim_New\\Projects\\React_Training\\server-side-rendering\\redux\\sagas\\getMovie.js": {"path":"C:\\Users\\Tim_New\\Projects\\React_Training\\server-side-rendering\\redux\\sagas\\getMovie.js","statementMap":{"0":{"start":{"line":7,"column":10},"end":{"line":19,"column":1}},"1":{"start":{"line":8,"column":13},"end":{"line":8,"column":28}},"2":{"start":{"line":9,"column":4},"end":{"line":18,"column":7}},"3":{"start":{"line":17,"column":8},"end":{"line":17,"column":24}},"4":{"start":{"line":22,"column":4},"end":{"line":27,"column":5}},"5":{"start":{"line":23,"column":20},"end":{"line":23,"column":48}},"6":{"start":{"line":24,"column":8},"end":{"line":24,"column":35}},"7":{"start":{"line":26,"column":8},"end":{"line":26,"column":44}},"8":{"start":{"line":31,"column":4},"end":{"line":31,"column":57}}},"fnMap":{"0":{"name":"(anonymous_0)","decl":{"start":{"line":7,"column":10},"end":{"line":7,"column":11}},"loc":{"start":{"line":7,"column":29},"end":{"line":19,"column":1}},"line":7},"1":{"name":"(anonymous_1)","decl":{"start":{"line":16,"column":10},"end":{"line":16,"column":11}},"loc":{"start":{"line":16,"column":19},"end":{"line":18,"column":5}},"line":16},"2":{"name":"getMovieSaga","decl":{"start":{"line":21,"column":17},"end":{"line":21,"column":29}},"loc":{"start":{"line":21,"column":43},"end":{"line":28,"column":1}},"line":21},"3":{"name":"watchGetMovie","decl":{"start":{"line":30,"column":17},"end":{"line":30,"column":30}},"loc":{"start":{"line":30,"column":33},"end":{"line":32,"column":1}},"line":30}},"branchMap":{},"s":{"0":1,"1":1,"2":1,"3":0,"4":1,"5":1,"6":0,"7":1,"8":0},"f":{"0":1,"1":0,"2":1,"3":0},"b":{},"_coverageSchema":"1a1c01bbd47fc00a2c39e90264f33305004495a9","hash":"fceacf1cea4d2985e0ab13a35e4be40002b32ae7"}
,"C:\\Users\\Tim_New\\Projects\\React_Training\\server-side-rendering\\redux\\sagas\\sagaActions.js": {"path":"C:\\Users\\Tim_New\\Projects\\React_Training\\server-side-rendering\\redux\\sagas\\sagaActions.js","statementMap":{"0":{"start":{"line":1,"column":27},"end":{"line":9,"column":1}}},"fnMap":{},"branchMap":{},"s":{"0":3},"f":{},"b":{},"_coverageSchema":"1a1c01bbd47fc00a2c39e90264f33305004495a9","hash":"bfea01daaca903ceb15a48fefb770658ebf32fa2"}
,"C:\\Users\\Tim_New\\Projects\\React_Training\\server-side-rendering\\redux\\sagas\\searchMovies.js": {"path":"C:\\Users\\Tim_New\\Projects\\React_Training\\server-side-rendering\\redux\\sagas\\searchMovies.js","statementMap":{"0":{"start":{"line":7,"column":10},"end":{"line":22,"column":1}},"1":{"start":{"line":8,"column":15},"end":{"line":8,"column":30}},"2":{"start":{"line":9,"column":4},"end":{"line":21,"column":7}},"3":{"start":{"line":20,"column":8},"end":{"line":20,"column":29}},"4":{"start":{"line":25,"column":4},"end":{"line":30,"column":5}},"5":{"start":{"line":26,"column":20},"end":{"line":26,"column":48}},"6":{"start":{"line":27,"column":8},"end":{"line":27,"column":39}},"7":{"start":{"line":29,"column":8},"end":{"line":29,"column":44}},"8":{"start":{"line":34,"column":4},"end":{"line":34,"column":65}}},"fnMap":{"0":{"name":"(anonymous_0)","decl":{"start":{"line":7,"column":10},"end":{"line":7,"column":11}},"loc":{"start":{"line":7,"column":29},"end":{"line":22,"column":1}},"line":7},"1":{"name":"(anonymous_1)","decl":{"start":{"line":19,"column":12},"end":{"line":19,"column":13}},"loc":{"start":{"line":19,"column":21},"end":{"line":21,"column":5}},"line":19},"2":{"name":"searchMoviesSaga","decl":{"start":{"line":24,"column":17},"end":{"line":24,"column":33}},"loc":{"start":{"line":24,"column":47},"end":{"line":31,"column":1}},"line":24},"3":{"name":"watchMoviesSearch","decl":{"start":{"line":33,"column":17},"end":{"line":33,"column":34}},"loc":{"start":{"line":33,"column":37},"end":{"line":35,"column":1}},"line":33}},"branchMap":{},"s":{"0":1,"1":1,"2":1,"3":1,"4":1,"5":1,"6":1,"7":0,"8":0},"f":{"0":1,"1":1,"2":1,"3":0},"b":{},"_coverageSchema":"1a1c01bbd47fc00a2c39e90264f33305004495a9","hash":"3af3206c8147a243cbbd4aea29576aa970364498"}
,"C:\\Users\\Tim_New\\Projects\\React_Training\\server-side-rendering\\redux\\slices\\movies.js": {"path":"C:\\Users\\Tim_New\\Projects\\React_Training\\server-side-rendering\\redux\\slices\\movies.js","statementMap":{"0":{"start":{"line":4,"column":21},"end":{"line":7,"column":1}},"1":{"start":{"line":9,"column":20},"end":{"line":77,"column":2}},"2":{"start":{"line":14,"column":12},"end":{"line":14,"column":46}},"3":{"start":{"line":17,"column":31},"end":{"line":17,"column":45}},"4":{"start":{"line":19,"column":12},"end":{"line":21,"column":13}},"5":{"start":{"line":20,"column":16},"end":{"line":20,"column":53}},"6":{"start":{"line":23,"column":12},"end":{"line":28,"column":15}},"7":{"start":{"line":24,"column":16},"end":{"line":26,"column":17}},"8":{"start":{"line":25,"column":20},"end":{"line":25,"column":57}},"9":{"start":{"line":27,"column":16},"end":{"line":27,"column":29}},"10":{"start":{"line":31,"column":21},"end":{"line":31,"column":35}},"11":{"start":{"line":32,"column":12},"end":{"line":34,"column":15}},"12":{"start":{"line":33,"column":16},"end":{"line":33,"column":39}},"13":{"start":{"line":37,"column":12},"end":{"line":37,"column":42}},"14":{"start":{"line":40,"column":12},"end":{"line":40,"column":42}},"15":{"start":{"line":43,"column":24},"end":{"line":43,"column":38}},"16":{"start":{"line":44,"column":28},"end":{"line":44,"column":40}},"17":{"start":{"line":45,"column":12},"end":{"line":47,"column":14}},"18":{"start":{"line":46,"column":16},"end":{"line":46,"column":44}},"19":{"start":{"line":50,"column":12},"end":{"line":50,"column":49}},"20":{"start":{"line":53,"column":12},"end":{"line":53,"column":42}},"21":{"start":{"line":57,"column":8},"end":{"line":75,"column":10}},"22":{"start":{"line":58,"column":28},"end":{"line":60,"column":13}},"23":{"start":{"line":61,"column":28},"end":{"line":63,"column":13}},"24":{"start":{"line":65,"column":32},"end":{"line":65,"column":55}},"25":{"start":{"line":66,"column":32},"end":{"line":66,"column":55}},"26":{"start":{"line":67,"column":34},"end":{"line":67,"column":77}},"27":{"start":{"line":70,"column":12},"end":{"line":72,"column":13}},"28":{"start":{"line":71,"column":16},"end":{"line":71,"column":51}},"29":{"start":{"line":74,"column":12},"end":{"line":74,"column":36}},"30":{"start":{"line":88,"column":4},"end":{"line":88,"column":23}}},"fnMap":{"0":{"name":"(anonymous_0)","decl":{"start":{"line":13,"column":18},"end":{"line":13,"column":19}},"loc":{"start":{"line":13,"column":37},"end":{"line":15,"column":9}},"line":13},"1":{"name":"(anonymous_1)","decl":{"start":{"line":16,"column":19},"end":{"line":16,"column":20}},"loc":{"start":{"line":16,"column":38},"end":{"line":29,"column":9}},"line":16},"2":{"name":"(anonymous_2)","decl":{"start":{"line":23,"column":44},"end":{"line":23,"column":45}},"loc":{"start":{"line":23,"column":55},"end":{"line":28,"column":13}},"line":23},"3":{"name":"(anonymous_3)","decl":{"start":{"line":30,"column":21},"end":{"line":30,"column":22}},"loc":{"start":{"line":30,"column":40},"end":{"line":35,"column":9}},"line":30},"4":{"name":"(anonymous_4)","decl":{"start":{"line":32,"column":47},"end":{"line":32,"column":48}},"loc":{"start":{"line":32,"column":58},"end":{"line":34,"column":13}},"line":32},"5":{"name":"(anonymous_5)","decl":{"start":{"line":36,"column":22},"end":{"line":36,"column":23}},"loc":{"start":{"line":36,"column":41},"end":{"line":38,"column":9}},"line":36},"6":{"name":"(anonymous_6)","decl":{"start":{"line":39,"column":22},"end":{"line":39,"column":23}},"loc":{"start":{"line":39,"column":41},"end":{"line":41,"column":9}},"line":39},"7":{"name":"(anonymous_7)","decl":{"start":{"line":42,"column":20},"end":{"line":42,"column":21}},"loc":{"start":{"line":42,"column":39},"end":{"line":48,"column":9}},"line":42},"8":{"name":"(anonymous_8)","decl":{"start":{"line":45,"column":42},"end":{"line":45,"column":43}},"loc":{"start":{"line":46,"column":16},"end":{"line":46,"column":44}},"line":46},"9":{"name":"(anonymous_9)","decl":{"start":{"line":49,"column":18},"end":{"line":49,"column":19}},"loc":{"start":{"line":49,"column":37},"end":{"line":51,"column":9}},"line":49},"10":{"name":"(anonymous_10)","decl":{"start":{"line":52,"column":21},"end":{"line":52,"column":22}},"loc":{"start":{"line":52,"column":40},"end":{"line":54,"column":9}},"line":52},"11":{"name":"(anonymous_11)","decl":{"start":{"line":56,"column":19},"end":{"line":56,"column":20}},"loc":{"start":{"line":56,"column":30},"end":{"line":76,"column":5}},"line":56},"12":{"name":"(anonymous_12)","decl":{"start":{"line":57,"column":33},"end":{"line":57,"column":34}},"loc":{"start":{"line":57,"column":52},"end":{"line":75,"column":9}},"line":57}},"branchMap":{"0":{"loc":{"start":{"line":19,"column":12},"end":{"line":21,"column":13}},"type":"if","locations":[{"start":{"line":19,"column":12},"end":{"line":21,"column":13}},{"start":{"line":19,"column":12},"end":{"line":21,"column":13}}],"line":19},"1":{"loc":{"start":{"line":24,"column":16},"end":{"line":26,"column":17}},"type":"if","locations":[{"start":{"line":24,"column":16},"end":{"line":26,"column":17}},{"start":{"line":24,"column":16},"end":{"line":26,"column":17}}],"line":24},"2":{"loc":{"start":{"line":46,"column":16},"end":{"line":46,"column":44}},"type":"cond-expr","locations":[{"start":{"line":46,"column":38},"end":{"line":46,"column":39}},{"start":{"line":46,"column":42},"end":{"line":46,"column":44}}],"line":46},"3":{"loc":{"start":{"line":70,"column":12},"end":{"line":72,"column":13}},"type":"if","locations":[{"start":{"line":70,"column":12},"end":{"line":72,"column":13}},{"start":{"line":70,"column":12},"end":{"line":72,"column":13}}],"line":70},"4":{"loc":{"start":{"line":70,"column":15},"end":{"line":70,"column":74}},"type":"binary-expr","locations":[{"start":{"line":70,"column":15},"end":{"line":70,"column":30}},{"start":{"line":70,"column":34},"end":{"line":70,"column":51}},{"start":{"line":70,"column":55},"end":{"line":70,"column":74}}],"line":70}},"s":{"0":3,"1":3,"2":1,"3":1,"4":1,"5":0,"6":1,"7":1,"8":1,"9":0,"10":1,"11":1,"12":1,"13":0,"14":1,"15":1,"16":1,"17":1,"18":1,"19":1,"20":2,"21":3,"22":0,"23":0,"24":0,"25":0,"26":0,"27":0,"28":0,"29":0,"30":3},"f":{"0":1,"1":1,"2":1,"3":1,"4":1,"5":0,"6":1,"7":1,"8":1,"9":1,"10":2,"11":3,"12":0},"b":{"0":[0,1],"1":[1,0],"2":[0,1],"3":[0,0],"4":[0,0,0]},"_coverageSchema":"1a1c01bbd47fc00a2c39e90264f33305004495a9","hash":"08be96a9e4992da94882d4a5e4e8f15b6732fa8d"}
}
