TN:
SF:components\Header\Header.js
FN:12,Header
FN:15,(anonymous_1)
FN:17,(anonymous_2)
FN:27,(anonymous_3)
FN:31,(anonymous_4)
FNF:5
FNH:3
FNDA:4,Header
FNDA:6,(anonymous_1)
FNDA:2,(anonymous_2)
FNDA:0,(anonymous_3)
FNDA:0,(anonymous_4)
DA:13,4
DA:14,4
DA:15,6
DA:17,4
DA:18,2
DA:19,2
DA:22,2
DA:23,2
DA:27,4
DA:28,0
DA:31,4
DA:32,0
DA:35,4
LF:13
LH:11
BRDA:18,0,0,2
BRDA:18,0,1,0
BRDA:22,1,0,2
BRDA:22,1,1,0
BRDA:22,2,0,2
BRDA:22,2,1,2
BRDA:40,3,0,0
BRDA:40,3,1,4
BRDA:51,4,0,0
BRDA:51,4,1,4
BRF:10
BRH:6
end_of_record
TN:
SF:components\Header\Search.js
FN:4,Search
FN:8,(anonymous_1)
FN:14,(anonymous_2)
FN:18,(anonymous_3)
FNF:4
FNH:3
FNDA:6,Search
FNDA:4,(anonymous_1)
FNDA:4,(anonymous_2)
FNDA:0,(anonymous_3)
DA:5,6
DA:6,6
DA:8,6
DA:9,4
DA:10,0
DA:14,6
DA:15,4
DA:18,6
DA:19,0
DA:20,0
DA:24,6
LF:11
LH:8
BRDA:9,0,0,0
BRDA:9,0,1,4
BRDA:19,1,0,0
BRDA:19,1,1,0
BRF:4
BRH:1
end_of_record
TN:
SF:components\Modals\Dropdown.js
FN:4,Dropdown
FN:7,(anonymous_1)
FN:22,(anonymous_2)
FNF:3
FNH:2
FNDA:59,Dropdown
FNDA:0,(anonymous_1)
FNDA:649,(anonymous_2)
DA:5,59
DA:7,59
DA:8,0
DA:11,59
DA:23,649
LF:5
LH:4
BRDA:20,0,0,0
BRDA:20,0,1,59
BRDA:30,1,0,0
BRDA:30,1,1,649
BRF:4
BRH:2
end_of_record
TN:
SF:components\Modals\RootModal.js
FN:13,Modal
FN:49,(anonymous_1)
FN:76,(anonymous_2)
FN:90,(anonymous_3)
FN:96,(anonymous_4)
FN:105,(anonymous_5)
FN:109,(anonymous_6)
FNF:7
FNH:3
FNDA:62,Modal
FNDA:2,(anonymous_1)
FNDA:0,(anonymous_2)
FNDA:0,(anonymous_3)
FNDA:0,(anonymous_4)
FNDA:0,(anonymous_5)
FNDA:61,(anonymous_6)
DA:14,62
DA:16,61
DA:17,61
DA:19,61
DA:33,61
DA:49,61
DA:50,2
DA:51,2
DA:52,2
DA:54,2
DA:55,1
DA:57,2
DA:58,2
DA:60,2
DA:61,2
DA:63,2
DA:64,2
DA:66,2
DA:67,2
DA:70,61
DA:77,0
DA:78,0
DA:79,0
DA:83,61
DA:91,0
DA:92,0
DA:96,61
DA:97,0
DA:98,0
DA:102,0
DA:105,61
DA:106,0
DA:109,61
DA:110,61
DA:111,61
DA:113,26
DA:121,33
DA:129,2
DA:131,0
DA:135,61
LF:40
LH:30
BRDA:35,0,0,61
BRDA:35,0,1,28
BRDA:36,1,0,61
BRDA:36,1,1,61
BRDA:37,2,0,61
BRDA:37,2,1,28
BRDA:38,3,0,61
BRDA:38,3,1,28
BRDA:39,4,0,61
BRDA:39,4,1,28
BRDA:40,5,0,61
BRDA:40,5,1,28
BRDA:41,6,0,61
BRDA:41,6,1,61
BRDA:42,7,0,61
BRDA:42,7,1,28
BRDA:43,8,0,61
BRDA:43,8,1,28
BRDA:44,9,0,61
BRDA:44,9,1,28
BRDA:45,10,0,61
BRDA:45,10,1,61
BRDA:46,11,0,61
BRDA:46,11,1,28
BRDA:51,12,0,2
BRDA:51,12,1,0
BRDA:54,13,0,1
BRDA:54,13,1,1
BRDA:57,14,0,2
BRDA:57,14,1,0
BRDA:60,15,0,2
BRDA:60,15,1,0
BRDA:63,16,0,2
BRDA:63,16,1,0
BRDA:111,17,0,26
BRDA:111,17,1,33
BRDA:111,17,2,2
BRDA:111,17,3,0
BRDA:135,18,0,61
BRDA:135,18,1,0
BRF:40
BRH:34
end_of_record
TN:
SF:components\Modals\AddMovie\AddMovie.js
FN:5,AddMovie
FN:6,(anonymous_1)
FN:13,(anonymous_2)
FNF:3
FNH:1
FNDA:26,AddMovie
FNDA:0,(anonymous_1)
FNDA:0,(anonymous_2)
DA:6,26
DA:8,0
DA:9,0
DA:12,0
DA:13,0
DA:15,0
DA:18,0
DA:21,26
LF:8
LH:2
BRDA:12,0,0,0
BRDA:12,0,1,0
BRDA:43,1,0,2
BRDA:43,1,1,24
BRDA:61,2,0,2
BRDA:61,2,1,24
BRDA:77,3,0,0
BRDA:77,3,1,26
BRDA:91,4,0,2
BRDA:91,4,1,24
BRDA:108,5,0,2
BRDA:108,5,1,24
BRDA:127,6,0,2
BRDA:127,6,1,24
BRF:14
BRH:11
end_of_record
TN:
SF:components\Modals\DeleteMovie\DeleteMovie.js
FN:3,DeleteMovie
FNF:1
FNH:1
FNDA:2,DeleteMovie
DA:4,2
LF:1
LH:1
BRF:0
BRH:0
end_of_record
TN:
SF:components\Modals\EditMovie\EditMovie.js
FN:5,EditMovie
FN:6,(anonymous_1)
FN:13,(anonymous_2)
FNF:3
FNH:1
FNDA:33,EditMovie
FNDA:0,(anonymous_1)
FNDA:0,(anonymous_2)
DA:6,33
DA:8,0
DA:9,0
DA:12,0
DA:13,0
DA:15,0
DA:18,0
DA:21,33
LF:8
LH:2
BRDA:12,0,0,0
BRDA:12,0,1,0
BRDA:52,1,0,2
BRDA:52,1,1,31
BRDA:69,2,0,2
BRDA:69,2,1,31
BRDA:85,3,0,0
BRDA:85,3,1,33
BRDA:99,4,0,0
BRDA:99,4,1,33
BRDA:115,5,0,2
BRDA:115,5,1,31
BRDA:133,6,0,2
BRDA:133,6,1,31
BRF:14
BRH:10
end_of_record
TN:
SF:components\MovieCard\MovieCard.js
FN:7,MovieCard
FN:11,(anonymous_1)
FN:23,(anonymous_2)
FN:33,(anonymous_3)
FN:38,(anonymous_4)
FNF:5
FNH:2
FNDA:3,MovieCard
FNDA:0,(anonymous_1)
FNDA:0,(anonymous_2)
FNDA:1,(anonymous_3)
FNDA:0,(anonymous_4)
DA:8,3
DA:9,3
DA:11,3
DA:12,0
DA:13,0
DA:20,0
DA:23,3
DA:24,0
DA:25,0
DA:26,0
DA:30,0
DA:33,3
DA:34,1
DA:35,1
DA:38,3
DA:39,0
DA:43,3
DA:118,2
DA:135,2
LF:19
LH:11
BRDA:59,0,0,1
BRDA:59,0,1,2
BRDA:67,1,0,1
BRDA:67,1,1,2
BRDA:101,2,0,3
BRDA:101,2,1,0
BRDA:106,3,0,0
BRDA:106,3,1,3
BRF:8
BRH:6
end_of_record
TN:
SF:components\MovieDetails\MovieDetails.js
FN:3,MovieDetails
FN:4,(anonymous_1)
FNF:2
FNH:1
FNDA:1,MovieDetails
FNDA:0,(anonymous_1)
DA:4,1
DA:5,0
DA:9,1
LF:3
LH:2
BRDA:27,0,0,0
BRDA:27,0,1,1
BRF:2
BRH:1
end_of_record
TN:
SF:components\MovieList\MovieList.js
FN:6,MovieList
FN:8,(anonymous_1)
FN:17,(anonymous_2)
FNF:3
FNH:2
FNDA:1,MovieList
FNDA:2,(anonymous_1)
FNDA:0,(anonymous_2)
DA:8,2
DA:10,1
DA:18,0
LF:3
LH:2
BRF:0
BRH:0
end_of_record
TN:
SF:components\Nav\Nav.js
FN:8,Nav
FN:10,(anonymous_1)
FN:13,(anonymous_2)
FN:16,(anonymous_3)
FN:18,(anonymous_4)
FN:23,(anonymous_5)
FN:27,(anonymous_6)
FN:44,(anonymous_7)
FNF:8
FNH:3
FNDA:2,Nav
FNDA:3,(anonymous_1)
FNDA:1,(anonymous_2)
FNDA:0,(anonymous_3)
FNDA:0,(anonymous_4)
FNDA:0,(anonymous_5)
FNDA:0,(anonymous_6)
FNDA:0,(anonymous_7)
DA:9,2
DA:10,3
DA:11,2
DA:13,2
DA:14,1
DA:15,1
DA:16,0
DA:18,0
DA:19,1
DA:23,2
DA:24,0
DA:27,2
DA:28,0
DA:29,0
DA:30,0
DA:32,0
DA:36,2
DA:45,0
LF:18
LH:10
BRDA:14,0,0,1
BRDA:14,0,1,0
BRDA:29,1,0,0
BRDA:29,1,1,0
BRF:4
BRH:1
end_of_record
TN:
SF:components\UI\Button\Button.js
FN:3,(anonymous_0)
FNF:1
FNH:1
FNDA:2,(anonymous_0)
DA:3,1
DA:4,2
LF:2
LH:2
BRF:0
BRH:0
end_of_record
TN:
SF:components\UI\Button\index.js
FNF:0
FNH:0
LF:0
LH:0
BRF:0
BRH:0
end_of_record
TN:
SF:components\UI\Logo\Logo.js
FN:3,(anonymous_0)
FNF:1
FNH:1
FNDA:2,(anonymous_0)
DA:3,1
DA:4,2
LF:2
LH:2
BRF:0
BRH:0
end_of_record
TN:
SF:components\UI\Logo\index.js
FNF:0
FNH:0
LF:0
LH:0
BRF:0
BRH:0
end_of_record
TN:
SF:context\ModalContext.js
FN:3,(anonymous_0)
FN:7,(anonymous_1)
FN:18,(anonymous_2)
FNF:3
FNH:0
FNDA:0,(anonymous_0)
FNDA:0,(anonymous_1)
FNDA:0,(anonymous_2)
DA:3,6
DA:4,0
DA:5,0
DA:7,0
DA:8,0
DA:9,0
DA:12,0
DA:15,6
DA:16,6
DA:18,6
DA:19,0
DA:24,0
LF:12
LH:4
BRDA:7,0,0,0
BRF:1
BRH:0
end_of_record
TN:
SF:redux\sagas\addMovie.js
FN:7,(anonymous_0)
FN:21,(anonymous_1)
FN:26,addMovieSaga
FN:35,watchAddMovie
FNF:4
FNH:2
FNDA:1,(anonymous_0)
FNDA:0,(anonymous_1)
FNDA:1,addMovieSaga
FNDA:0,watchAddMovie
DA:7,1
DA:8,1
DA:9,1
DA:11,0
DA:22,0
DA:27,1
DA:28,1
DA:29,0
DA:31,1
DA:36,0
LF:10
LH:6
BRF:0
BRH:0
end_of_record
TN:
SF:redux\sagas\deleteMovie.js
FN:7,(anonymous_0)
FN:18,deleteMovieSaga
FN:27,watchDeleteMovie
FNF:3
FNH:2
FNDA:1,(anonymous_0)
FNDA:1,deleteMovieSaga
FNDA:0,watchDeleteMovie
DA:7,1
DA:8,1
DA:9,1
DA:19,1
DA:20,1
DA:21,0
DA:23,1
DA:28,0
LF:8
LH:6
BRF:0
BRH:0
end_of_record
TN:
SF:redux\sagas\editMovie.js
FN:7,(anonymous_0)
FN:20,(anonymous_1)
FN:25,editMovieSaga
FN:35,watchEditMovie
FNF:4
FNH:1
FNDA:0,(anonymous_0)
FNDA:0,(anonymous_1)
FNDA:1,editMovieSaga
FNDA:0,watchEditMovie
DA:7,1
DA:8,0
DA:9,0
DA:11,0
DA:21,0
DA:26,1
DA:27,1
DA:28,0
DA:29,0
DA:31,1
DA:36,0
LF:11
LH:4
BRF:0
BRH:0
end_of_record
TN:
SF:redux\sagas\fetchMovies.js
FN:7,(anonymous_0)
FN:15,(anonymous_1)
FN:20,fetchMoviesSaga
FN:29,watchMovies
FNF:4
FNH:3
FNDA:1,(anonymous_0)
FNDA:1,(anonymous_1)
FNDA:1,fetchMoviesSaga
FNDA:0,watchMovies
DA:7,1
DA:8,1
DA:16,1
DA:21,1
DA:22,1
DA:23,1
DA:25,0
DA:30,0
LF:8
LH:6
BRF:0
BRH:0
end_of_record
TN:
SF:redux\sagas\filterMovies.js
FN:7,(anonymous_0)
FN:18,(anonymous_1)
FN:23,filterMoviesSaga
FN:32,watchMoviesFilter
FNF:4
FNH:3
FNDA:1,(anonymous_0)
FNDA:1,(anonymous_1)
FNDA:1,filterMoviesSaga
FNDA:0,watchMoviesFilter
DA:7,1
DA:8,1
DA:9,1
DA:19,1
DA:24,1
DA:25,1
DA:26,1
DA:28,0
DA:33,0
LF:9
LH:7
BRF:0
BRH:0
end_of_record
TN:
SF:redux\sagas\getMovie.js
FN:7,(anonymous_0)
FN:16,(anonymous_1)
FN:21,getMovieSaga
FN:30,watchGetMovie
FNF:4
FNH:2
FNDA:1,(anonymous_0)
FNDA:0,(anonymous_1)
FNDA:1,getMovieSaga
FNDA:0,watchGetMovie
DA:7,1
DA:8,1
DA:9,1
DA:17,0
DA:22,1
DA:23,1
DA:24,0
DA:26,1
DA:31,0
LF:9
LH:6
BRF:0
BRH:0
end_of_record
TN:
SF:redux\sagas\sagaActions.js
FNF:0
FNH:0
DA:1,3
LF:1
LH:1
BRF:0
BRH:0
end_of_record
TN:
SF:redux\sagas\searchMovies.js
FN:7,(anonymous_0)
FN:19,(anonymous_1)
FN:24,searchMoviesSaga
FN:33,watchMoviesSearch
FNF:4
FNH:3
FNDA:1,(anonymous_0)
FNDA:1,(anonymous_1)
FNDA:1,searchMoviesSaga
FNDA:0,watchMoviesSearch
DA:7,1
DA:8,1
DA:9,1
DA:20,1
DA:25,1
DA:26,1
DA:27,1
DA:29,0
DA:34,0
LF:9
LH:7
BRF:0
BRH:0
end_of_record
TN:
SF:redux\slices\movies.js
FN:13,(anonymous_0)
FN:16,(anonymous_1)
FN:23,(anonymous_2)
FN:30,(anonymous_3)
FN:32,(anonymous_4)
FN:36,(anonymous_5)
FN:39,(anonymous_6)
FN:42,(anonymous_7)
FN:45,(anonymous_8)
FN:49,(anonymous_9)
FN:52,(anonymous_10)
FN:56,(anonymous_11)
FN:57,(anonymous_12)
FNF:13
FNH:11
FNDA:1,(anonymous_0)
FNDA:1,(anonymous_1)
FNDA:1,(anonymous_2)
FNDA:1,(anonymous_3)
FNDA:1,(anonymous_4)
FNDA:0,(anonymous_5)
FNDA:1,(anonymous_6)
FNDA:1,(anonymous_7)
FNDA:1,(anonymous_8)
FNDA:1,(anonymous_9)
FNDA:2,(anonymous_10)
FNDA:3,(anonymous_11)
FNDA:0,(anonymous_12)
DA:4,3
DA:9,3
DA:14,1
DA:17,1
DA:19,1
DA:20,0
DA:23,1
DA:24,1
DA:25,1
DA:27,0
DA:31,1
DA:32,1
DA:33,1
DA:37,0
DA:40,1
DA:43,1
DA:44,1
DA:45,1
DA:46,1
DA:50,1
DA:53,2
DA:57,3
DA:58,0
DA:61,0
DA:65,0
DA:66,0
DA:67,0
DA:70,0
DA:71,0
DA:74,0
DA:88,3
LF:31
LH:20
BRDA:19,0,0,0
BRDA:19,0,1,1
BRDA:24,1,0,1
BRDA:24,1,1,0
BRDA:46,2,0,0
BRDA:46,2,1,1
BRDA:70,3,0,0
BRDA:70,3,1,0
BRDA:70,4,0,0
BRDA:70,4,1,0
BRDA:70,4,2,0
BRF:11
BRH:3
end_of_record
